[New LWP 386]
[New LWP 387]
[New LWP 388]
[New LWP 389]
[New LWP 395]
[New LWP 396]
[New LWP 397]
[New LWP 398]
[New LWP 399]
[New LWP 400]
[New LWP 401]
[New LWP 402]
[New LWP 403]
[New LWP 404]
[New LWP 405]
[New LWP 406]
[New LWP 407]
[New LWP 408]
[New LWP 409]
[New LWP 410]
[New LWP 411]
[New LWP 412]
[New LWP 413]
[New LWP 415]
[New LWP 446]
[New LWP 603]
[New LWP 758]
[New LWP 823]
[Thread debugging using libthread_db enabled]
Using host libthread_db library "/lib/x86_64-linux-gnu/libthread_db.so.1".
0x00007fb46146046e in epoll_wait (epfd=77, events=0x7ffe02b52ce0, maxevents=128, timeout=-1) at ../sysdeps/unix/sysv/linux/epoll_wait.c:30

Thread 29 (Thread 0x7fb3bd7fa700 (LWP 823)):
#0  futex_wait_cancelable (private=<optimized out>, expected=0, futex_word=0x7fb398000ef4) at ../sysdeps/nptl/futex-internal.h:183
#1  __pthread_cond_wait_common (abstime=0x0, clockid=0, mutex=0x7fb398000ea0, cond=0x7fb398000ec8) at pthread_cond_wait.c:508
#2  __pthread_cond_wait (cond=0x7fb398000ec8, mutex=0x7fb398000ea0) at pthread_cond_wait.c:647
#3  0x00007fb45fa29399 in __gthread_cond_wait (__mutex=<optimized out>, __cond=<optimized out>) at /home/builder/ktietz/cos6/ci_cos6/ctng-compilers_1622658800915/work/.build/x86_64-conda-linux-gnu/build/build-cc-gcc-final/x86_64-conda-linux-gnu/libstdc++-v3/include/x86_64-conda-linux-gnu/bits/gthr-default.h:878
#4  std::condition_variable::wait (this=<optimized out>, __lock=...) at /home/builder/ktietz/cos6/ci_cos6/ctng-compilers_1622658800915/work/.build/x86_64-conda-linux-gnu/src/gcc/libstdc++-v3/src/c++11/condition_variable.cc:53
#5  0x00007fb46020ab4b in boost::fibers::algo::round_robin::suspend_until(std::chrono::time_point<std::chrono::_V2::steady_clock, std::chrono::duration<long, std::ratio<1l, 1000000000l> > > const&) () from /home/ray/anaconda3/lib/python3.7/site-packages/ray/_raylet.so
#6  0x00007fb46020a807 in boost::fibers::scheduler::dispatch() () from /home/ray/anaconda3/lib/python3.7/site-packages/ray/_raylet.so
#7  0x00007fb460208356 in boost::fibers::dispatcher_context::run_(boost::context::fiber&&) () from /home/ray/anaconda3/lib/python3.7/site-packages/ray/_raylet.so
#8  0x00007fb4602085e5 in void boost::context::detail::fiber_entry<boost::context::detail::fiber_record<boost::context::fiber, boost::context::basic_fixedsize_stack<boost::context::stack_traits>&, std::_Bind<boost::context::fiber (boost::fibers::dispatcher_context::*(boost::fibers::dispatcher_context*, std::_Placeholder<1>))(boost::context::fiber&&)> > >(boost::context::detail::transfer_t) () from /home/ray/anaconda3/lib/python3.7/site-packages/ray/_raylet.so
#9  0x00007fb46020ac6f in make_fcontext () from /home/ray/anaconda3/lib/python3.7/site-packages/ray/_raylet.so
#10 0x0000000000000000 in ?? ()

Thread 28 (Thread 0x7fb3bdffb700 (LWP 758)):
#0  futex_wait_cancelable (private=<optimized out>, expected=0, futex_word=0x7fb3a4000ef0) at ../sysdeps/nptl/futex-internal.h:183
#1  __pthread_cond_wait_common (abstime=0x0, clockid=0, mutex=0x7fb3a4000ea0, cond=0x7fb3a4000ec8) at pthread_cond_wait.c:508
#2  __pthread_cond_wait (cond=0x7fb3a4000ec8, mutex=0x7fb3a4000ea0) at pthread_cond_wait.c:647
#3  0x00007fb45fa29399 in __gthread_cond_wait (__mutex=<optimized out>, __cond=<optimized out>) at /home/builder/ktietz/cos6/ci_cos6/ctng-compilers_1622658800915/work/.build/x86_64-conda-linux-gnu/build/build-cc-gcc-final/x86_64-conda-linux-gnu/libstdc++-v3/include/x86_64-conda-linux-gnu/bits/gthr-default.h:878
#4  std::condition_variable::wait (this=<optimized out>, __lock=...) at /home/builder/ktietz/cos6/ci_cos6/ctng-compilers_1622658800915/work/.build/x86_64-conda-linux-gnu/src/gcc/libstdc++-v3/src/c++11/condition_variable.cc:53
#5  0x00007fb46020ab4b in boost::fibers::algo::round_robin::suspend_until(std::chrono::time_point<std::chrono::_V2::steady_clock, std::chrono::duration<long, std::ratio<1l, 1000000000l> > > const&) () from /home/ray/anaconda3/lib/python3.7/site-packages/ray/_raylet.so
#6  0x00007fb46020a807 in boost::fibers::scheduler::dispatch() () from /home/ray/anaconda3/lib/python3.7/site-packages/ray/_raylet.so
#7  0x00007fb460208356 in boost::fibers::dispatcher_context::run_(boost::context::fiber&&) () from /home/ray/anaconda3/lib/python3.7/site-packages/ray/_raylet.so
#8  0x00007fb4602085e5 in void boost::context::detail::fiber_entry<boost::context::detail::fiber_record<boost::context::fiber, boost::context::basic_fixedsize_stack<boost::context::stack_traits>&, std::_Bind<boost::context::fiber (boost::fibers::dispatcher_context::*(boost::fibers::dispatcher_context*, std::_Placeholder<1>))(boost::context::fiber&&)> > >(boost::context::detail::transfer_t) () from /home/ray/anaconda3/lib/python3.7/site-packages/ray/_raylet.so
#9  0x00007fb46020ac6f in make_fcontext () from /home/ray/anaconda3/lib/python3.7/site-packages/ray/_raylet.so
#10 0x0000000000000000 in ?? ()

Thread 27 (Thread 0x7fb3be7fc700 (LWP 603)):
#0  futex_wait_cancelable (private=<optimized out>, expected=0, futex_word=0x7fb3a0000ef4) at ../sysdeps/nptl/futex-internal.h:183
#1  __pthread_cond_wait_common (abstime=0x0, clockid=0, mutex=0x7fb3a0000ea0, cond=0x7fb3a0000ec8) at pthread_cond_wait.c:508
#2  __pthread_cond_wait (cond=0x7fb3a0000ec8, mutex=0x7fb3a0000ea0) at pthread_cond_wait.c:647
#3  0x00007fb45fa29399 in __gthread_cond_wait (__mutex=<optimized out>, __cond=<optimized out>) at /home/builder/ktietz/cos6/ci_cos6/ctng-compilers_1622658800915/work/.build/x86_64-conda-linux-gnu/build/build-cc-gcc-final/x86_64-conda-linux-gnu/libstdc++-v3/include/x86_64-conda-linux-gnu/bits/gthr-default.h:878
#4  std::condition_variable::wait (this=<optimized out>, __lock=...) at /home/builder/ktietz/cos6/ci_cos6/ctng-compilers_1622658800915/work/.build/x86_64-conda-linux-gnu/src/gcc/libstdc++-v3/src/c++11/condition_variable.cc:53
#5  0x00007fb46020ab4b in boost::fibers::algo::round_robin::suspend_until(std::chrono::time_point<std::chrono::_V2::steady_clock, std::chrono::duration<long, std::ratio<1l, 1000000000l> > > const&) () from /home/ray/anaconda3/lib/python3.7/site-packages/ray/_raylet.so
#6  0x00007fb46020a807 in boost::fibers::scheduler::dispatch() () from /home/ray/anaconda3/lib/python3.7/site-packages/ray/_raylet.so
#7  0x00007fb460208356 in boost::fibers::dispatcher_context::run_(boost::context::fiber&&) () from /home/ray/anaconda3/lib/python3.7/site-packages/ray/_raylet.so
#8  0x00007fb4602085e5 in void boost::context::detail::fiber_entry<boost::context::detail::fiber_record<boost::context::fiber, boost::context::basic_fixedsize_stack<boost::context::stack_traits>&, std::_Bind<boost::context::fiber (boost::fibers::dispatcher_context::*(boost::fibers::dispatcher_context*, std::_Placeholder<1>))(boost::context::fiber&&)> > >(boost::context::detail::transfer_t) () from /home/ray/anaconda3/lib/python3.7/site-packages/ray/_raylet.so
#9  0x00007fb46020ac6f in make_fcontext () from /home/ray/anaconda3/lib/python3.7/site-packages/ray/_raylet.so
#10 0x0000000000000000 in ?? ()

Thread 26 (Thread 0x7fb3beffd700 (LWP 446)):
#0  futex_wait_cancelable (private=<optimized out>, expected=0, futex_word=0x7fb3b4000ef0) at ../sysdeps/nptl/futex-internal.h:183
#1  __pthread_cond_wait_common (abstime=0x0, clockid=0, mutex=0x7fb3b4000ea0, cond=0x7fb3b4000ec8) at pthread_cond_wait.c:508
#2  __pthread_cond_wait (cond=0x7fb3b4000ec8, mutex=0x7fb3b4000ea0) at pthread_cond_wait.c:647
#3  0x00007fb45fa29399 in __gthread_cond_wait (__mutex=<optimized out>, __cond=<optimized out>) at /home/builder/ktietz/cos6/ci_cos6/ctng-compilers_1622658800915/work/.build/x86_64-conda-linux-gnu/build/build-cc-gcc-final/x86_64-conda-linux-gnu/libstdc++-v3/include/x86_64-conda-linux-gnu/bits/gthr-default.h:878
#4  std::condition_variable::wait (this=<optimized out>, __lock=...) at /home/builder/ktietz/cos6/ci_cos6/ctng-compilers_1622658800915/work/.build/x86_64-conda-linux-gnu/src/gcc/libstdc++-v3/src/c++11/condition_variable.cc:53
#5  0x00007fb46020ab4b in boost::fibers::algo::round_robin::suspend_until(std::chrono::time_point<std::chrono::_V2::steady_clock, std::chrono::duration<long, std::ratio<1l, 1000000000l> > > const&) () from /home/ray/anaconda3/lib/python3.7/site-packages/ray/_raylet.so
#6  0x00007fb46020a807 in boost::fibers::scheduler::dispatch() () from /home/ray/anaconda3/lib/python3.7/site-packages/ray/_raylet.so
#7  0x00007fb460208356 in boost::fibers::dispatcher_context::run_(boost::context::fiber&&) () from /home/ray/anaconda3/lib/python3.7/site-packages/ray/_raylet.so
#8  0x00007fb4602085e5 in void boost::context::detail::fiber_entry<boost::context::detail::fiber_record<boost::context::fiber, boost::context::basic_fixedsize_stack<boost::context::stack_traits>&, std::_Bind<boost::context::fiber (boost::fibers::dispatcher_context::*(boost::fibers::dispatcher_context*, std::_Placeholder<1>))(boost::context::fiber&&)> > >(boost::context::detail::transfer_t) () from /home/ray/anaconda3/lib/python3.7/site-packages/ray/_raylet.so
#9  0x00007fb46020ac6f in make_fcontext () from /home/ray/anaconda3/lib/python3.7/site-packages/ray/_raylet.so
#10 0x0000000000000000 in ?? ()

Thread 25 (Thread 0x7fb3bf7fe700 (LWP 415)):
#0  futex_wait_cancelable (private=<optimized out>, expected=0, futex_word=0x7fb3b0000ef4) at ../sysdeps/nptl/futex-internal.h:183
#1  __pthread_cond_wait_common (abstime=0x0, clockid=0, mutex=0x7fb3b0000ea0, cond=0x7fb3b0000ec8) at pthread_cond_wait.c:508
#2  __pthread_cond_wait (cond=0x7fb3b0000ec8, mutex=0x7fb3b0000ea0) at pthread_cond_wait.c:647
#3  0x00007fb45fa29399 in __gthread_cond_wait (__mutex=<optimized out>, __cond=<optimized out>) at /home/builder/ktietz/cos6/ci_cos6/ctng-compilers_1622658800915/work/.build/x86_64-conda-linux-gnu/build/build-cc-gcc-final/x86_64-conda-linux-gnu/libstdc++-v3/include/x86_64-conda-linux-gnu/bits/gthr-default.h:878
#4  std::condition_variable::wait (this=<optimized out>, __lock=...) at /home/builder/ktietz/cos6/ci_cos6/ctng-compilers_1622658800915/work/.build/x86_64-conda-linux-gnu/src/gcc/libstdc++-v3/src/c++11/condition_variable.cc:53
#5  0x00007fb46020ab4b in boost::fibers::algo::round_robin::suspend_until(std::chrono::time_point<std::chrono::_V2::steady_clock, std::chrono::duration<long, std::ratio<1l, 1000000000l> > > const&) () from /home/ray/anaconda3/lib/python3.7/site-packages/ray/_raylet.so
#6  0x00007fb46020a807 in boost::fibers::scheduler::dispatch() () from /home/ray/anaconda3/lib/python3.7/site-packages/ray/_raylet.so
#7  0x00007fb460208356 in boost::fibers::dispatcher_context::run_(boost::context::fiber&&) () from /home/ray/anaconda3/lib/python3.7/site-packages/ray/_raylet.so
#8  0x00007fb4602085e5 in void boost::context::detail::fiber_entry<boost::context::detail::fiber_record<boost::context::fiber, boost::context::basic_fixedsize_stack<boost::context::stack_traits>&, std::_Bind<boost::context::fiber (boost::fibers::dispatcher_context::*(boost::fibers::dispatcher_context*, std::_Placeholder<1>))(boost::context::fiber&&)> > >(boost::context::detail::transfer_t) () from /home/ray/anaconda3/lib/python3.7/site-packages/ray/_raylet.so
#9  0x00007fb46020ac6f in make_fcontext () from /home/ray/anaconda3/lib/python3.7/site-packages/ray/_raylet.so
#10 0x0000000000000000 in ?? ()

Thread 24 (Thread 0x7fb3bffff700 (LWP 413)):
#0  0x00007fb46146046e in epoll_wait (epfd=74, events=0x7fb3c003e668, maxevents=100, timeout=251) at ../sysdeps/unix/sysv/linux/epoll_wait.c:30
#1  0x00007fb4605a3004 in pollset_work(grpc_pollset*, grpc_pollset_worker**, long) () from /home/ray/anaconda3/lib/python3.7/site-packages/ray/_raylet.so
#2  0x00007fb46056a91f in cq_next(grpc_completion_queue*, gpr_timespec, void*) () from /home/ray/anaconda3/lib/python3.7/site-packages/ray/_raylet.so
#3  0x00007fb4603c1f51 in grpc::CompletionQueue::AsyncNextInternal(void**, bool*, gpr_timespec) () from /home/ray/anaconda3/lib/python3.7/site-packages/ray/_raylet.so
#4  0x00007fb4600bbfcc in ray::rpc::ClientCallManager::PollEventsFromCompletionQueue(int) () from /home/ray/anaconda3/lib/python3.7/site-packages/ray/_raylet.so
#5  0x00007fb4607a3360 in execute_native_thread_routine () from /home/ray/anaconda3/lib/python3.7/site-packages/ray/_raylet.so
#6  0x00007fb46153b609 in start_thread (arg=<optimized out>) at pthread_create.c:477
#7  0x00007fb461460133 in clone () at ../sysdeps/unix/sysv/linux/x86_64/clone.S:95

Thread 23 (Thread 0x7fb3d4c19700 (LWP 412)):
#0  0x00007fb46146046e in epoll_wait (epfd=71, events=0x7fb3d4c186e0, maxevents=128, timeout=-1) at ../sysdeps/unix/sysv/linux/epoll_wait.c:30
#1  0x00007fb4606b17b9 in boost::asio::detail::epoll_reactor::run(long, boost::asio::detail::op_queue<boost::asio::detail::scheduler_operation>&) () from /home/ray/anaconda3/lib/python3.7/site-packages/ray/_raylet.so
#2  0x00007fb4606b1a3f in boost::asio::detail::scheduler::do_run_one(boost::asio::detail::conditionally_enabled_mutex::scoped_lock&, boost::asio::detail::scheduler_thread_info&, boost::system::error_code const&) () from /home/ray/anaconda3/lib/python3.7/site-packages/ray/_raylet.so
#3  0x00007fb4606b2f51 in boost::asio::detail::scheduler::run(boost::system::error_code&) () from /home/ray/anaconda3/lib/python3.7/site-packages/ray/_raylet.so
#4  0x00007fb4606b33d0 in boost::asio::io_context::run() () from /home/ray/anaconda3/lib/python3.7/site-packages/ray/_raylet.so
#5  0x00007fb46001b867 in std::thread::_State_impl<std::thread::_Invoker<std::tuple<ray::gcs::GlobalStateAccessor::GlobalStateAccessor(std::string const&, std::string const&)::{lambda()#1}> > >::_M_run() () from /home/ray/anaconda3/lib/python3.7/site-packages/ray/_raylet.so
#6  0x00007fb4607a3360 in execute_native_thread_routine () from /home/ray/anaconda3/lib/python3.7/site-packages/ray/_raylet.so
#7  0x00007fb46153b609 in start_thread (arg=<optimized out>) at pthread_create.c:477
#8  0x00007fb461460133 in clone () at ../sysdeps/unix/sysv/linux/x86_64/clone.S:95

Thread 22 (Thread 0x7fb3d541a700 (LWP 411)):
#0  _PyType_LookupId (type=0x5636c5e84bf0, name=0x5636c5ccd8c0 <PyId___init__.15114>) at /tmp/build/80754af9/python_1588882889832/work/Objects/typeobject.c:3155
#1  0x00005636c5b01f36 in lookup_maybe_method (self=0x7fb390440450, attrid=<optimized out>, unbound=0x7fb3d5417d94) at /tmp/build/80754af9/python_1588882889832/work/Objects/typeobject.c:1465
#2  0x00005636c5b0b084 in lookup_method (unbound=0x7fb3d5417d94, attrid=0x5636c5ccd8c0 <PyId___init__.15114>, self=0x7fb390440450) at /tmp/build/80754af9/python_1588882889832/work/Objects/typeobject.c:1491
#3  slot_tp_init (self=0x7fb390440450, args=0x7fb42c0c15d0, kwds=0x0) at /tmp/build/80754af9/python_1588882889832/work/Objects/typeobject.c:6630
#4  0x00005636c5b0bca8 in type_call (kwds=0x0, args=0x7fb42c0c15d0, type=<optimized out>) at /tmp/build/80754af9/python_1588882889832/work/Objects/typeobject.c:971
#5  _PyObject_FastCallKeywords (callable=0x5636c5e84bf0, stack=0x7fb42c0681c8, nargs=<optimized out>, kwnames=0x0) at /tmp/build/80754af9/python_1588882889832/work/Objects/call.c:199
#6  0x00005636c5b70186 in call_function (kwnames=0x0, oparg=<optimized out>, pp_stack=<synthetic pointer>) at /tmp/build/80754af9/python_1588882889832/work/Python/ceval.c:4619
#7  _PyEval_EvalFrameDefault (f=<optimized out>, throwflag=<optimized out>) at /tmp/build/80754af9/python_1588882889832/work/Python/ceval.c:3124
#8  0x00005636c5b0420b in function_code_fastcall (globals=<optimized out>, nargs=1, args=<optimized out>, co=<optimized out>) at /tmp/build/80754af9/python_1588882889832/work/Objects/call.c:283
#9  _PyFunction_FastCallKeywords (func=<optimized out>, stack=0x7fb42c1bb758, nargs=1, kwnames=<optimized out>) at /tmp/build/80754af9/python_1588882889832/work/Objects/call.c:408
#10 0x00005636c5b6be70 in call_function (kwnames=0x0, oparg=<optimized out>, pp_stack=<synthetic pointer>) at /tmp/build/80754af9/python_1588882889832/work/Python/ceval.c:4616
#11 _PyEval_EvalFrameDefault (f=<optimized out>, throwflag=<optimized out>) at /tmp/build/80754af9/python_1588882889832/work/Python/ceval.c:3110
#12 0x00005636c5ab42b9 in _PyEval_EvalCodeWithName (_co=0x7fb458018390, globals=<optimized out>, locals=<optimized out>, args=<optimized out>, argcount=<optimized out>, kwnames=0x0, kwargs=0x7fb3c00236e8, kwcount=<optimized out>, kwstep=1, defs=0x7fb45801c1e8, defcount=1, kwdefs=0x0, closure=0x0, name=0x7fb458082300, qualname=0x7fb458082350) at /tmp/build/80754af9/python_1588882889832/work/Python/ceval.c:3930
#13 0x00005636c5b04435 in _PyFunction_FastCallKeywords (func=<optimized out>, stack=0x7fb3c00236d8, nargs=2, kwnames=<optimized out>) at /tmp/build/80754af9/python_1588882889832/work/Objects/call.c:433
#14 0x00005636c5b6be70 in call_function (kwnames=0x0, oparg=<optimized out>, pp_stack=<synthetic pointer>) at /tmp/build/80754af9/python_1588882889832/work/Python/ceval.c:4616
#15 _PyEval_EvalFrameDefault (f=<optimized out>, throwflag=<optimized out>) at /tmp/build/80754af9/python_1588882889832/work/Python/ceval.c:3110
#16 0x00005636c5b0420b in function_code_fastcall (globals=<optimized out>, nargs=1, args=<optimized out>, co=<optimized out>) at /tmp/build/80754af9/python_1588882889832/work/Objects/call.c:283
#17 _PyFunction_FastCallKeywords (func=<optimized out>, stack=0x7fb42c0661c0, nargs=1, kwnames=<optimized out>) at /tmp/build/80754af9/python_1588882889832/work/Objects/call.c:408
#18 0x00005636c5b6be70 in call_function (kwnames=0x0, oparg=<optimized out>, pp_stack=<synthetic pointer>) at /tmp/build/80754af9/python_1588882889832/work/Python/ceval.c:4616
#19 _PyEval_EvalFrameDefault (f=<optimized out>, throwflag=<optimized out>) at /tmp/build/80754af9/python_1588882889832/work/Python/ceval.c:3110
#20 0x00005636c5ab531b in function_code_fastcall (globals=<optimized out>, nargs=0, args=<optimized out>, co=0x7fb45801b6f0) at /tmp/build/80754af9/python_1588882889832/work/Objects/call.c:283
#21 _PyFunction_FastCallDict (func=<optimized out>, args=0x7fb460fe8068, nargs=0, kwargs=<optimized out>) at /tmp/build/80754af9/python_1588882889832/work/Objects/call.c:322
#22 0x00005636c5b6d51a in do_call_core (kwdict=0x7fb38cc96320, callargs=0x7fb460fe8050, func=0x7fb457ffa950) at /tmp/build/80754af9/python_1588882889832/work/Python/ceval.c:4645
#23 _PyEval_EvalFrameDefault (f=<optimized out>, throwflag=<optimized out>) at /tmp/build/80754af9/python_1588882889832/work/Python/ceval.c:3191
#24 0x00005636c5ab4b00 in _PyEval_EvalCodeWithName (_co=0x7fb45a1fc660, globals=<optimized out>, locals=<optimized out>, args=<optimized out>, argcount=<optimized out>, kwnames=0x0, kwargs=0x7fb42c061f00, kwcount=<optimized out>, kwstep=1, defs=0x0, defcount=0, kwdefs=0x0, closure=0x7fb457ff5eb0, name=0x7fb460d248f0, qualname=0x7fb460d248f0) at /tmp/build/80754af9/python_1588882889832/work/Python/ceval.c:3930
#25 0x00005636c5b04497 in _PyFunction_FastCallKeywords (func=<optimized out>, stack=0x7fb42c061f00, nargs=0, kwnames=<optimized out>) at /tmp/build/80754af9/python_1588882889832/work/Objects/call.c:433
#26 0x00005636c5b6bbe6 in call_function (kwnames=0x0, oparg=<optimized out>, pp_stack=<synthetic pointer>) at /tmp/build/80754af9/python_1588882889832/work/Python/ceval.c:4616
#27 _PyEval_EvalFrameDefault (f=<optimized out>, throwflag=<optimized out>) at /tmp/build/80754af9/python_1588882889832/work/Python/ceval.c:3124
#28 0x00005636c5b0420b in function_code_fastcall (globals=<optimized out>, nargs=0, args=<optimized out>, co=<optimized out>) at /tmp/build/80754af9/python_1588882889832/work/Objects/call.c:283
#29 _PyFunction_FastCallKeywords (func=<optimized out>, stack=0x7fb42c281c00, nargs=0, kwnames=<optimized out>) at /tmp/build/80754af9/python_1588882889832/work/Objects/call.c:408
#30 0x00005636c5b70229 in call_function (kwnames=0x0, oparg=<optimized out>, pp_stack=<synthetic pointer>) at /tmp/build/80754af9/python_1588882889832/work/Python/ceval.c:4616
#31 _PyEval_EvalFrameDefault (f=<optimized out>, throwflag=<optimized out>) at /tmp/build/80754af9/python_1588882889832/work/Python/ceval.c:3093
#32 0x00005636c5b0420b in function_code_fastcall (globals=<optimized out>, nargs=0, args=<optimized out>, co=<optimized out>) at /tmp/build/80754af9/python_1588882889832/work/Objects/call.c:283
#33 _PyFunction_FastCallKeywords (func=<optimized out>, stack=0x7fb42c0645c8, nargs=0, kwnames=<optimized out>) at /tmp/build/80754af9/python_1588882889832/work/Objects/call.c:408
#34 0x00005636c5b6bbe6 in call_function (kwnames=0x0, oparg=<optimized out>, pp_stack=<synthetic pointer>) at /tmp/build/80754af9/python_1588882889832/work/Python/ceval.c:4616
#35 _PyEval_EvalFrameDefault (f=<optimized out>, throwflag=<optimized out>) at /tmp/build/80754af9/python_1588882889832/work/Python/ceval.c:3124
#36 0x00005636c5ab4b00 in _PyEval_EvalCodeWithName (_co=0x7fb42c0ee780, globals=<optimized out>, locals=<optimized out>, args=<optimized out>, argcount=<optimized out>, kwnames=0x0, kwargs=0x7fb3c00234a0, kwcount=<optimized out>, kwstep=1, defs=0x0, defcount=0, kwdefs=0x0, closure=0x0, name=0x7fb42c0ef3a0, qualname=0x7fb42c0ef440) at /tmp/build/80754af9/python_1588882889832/work/Python/ceval.c:3930
#37 0x00005636c5b04497 in _PyFunction_FastCallKeywords (func=<optimized out>, stack=0x7fb3c0023498, nargs=1, kwnames=<optimized out>) at /tmp/build/80754af9/python_1588882889832/work/Objects/call.c:433
#38 0x00005636c5b6be70 in call_function (kwnames=0x0, oparg=<optimized out>, pp_stack=<synthetic pointer>) at /tmp/build/80754af9/python_1588882889832/work/Python/ceval.c:4616
#39 _PyEval_EvalFrameDefault (f=<optimized out>, throwflag=<optimized out>) at /tmp/build/80754af9/python_1588882889832/work/Python/ceval.c:3110
#40 0x00005636c5b0420b in function_code_fastcall (globals=<optimized out>, nargs=1, args=<optimized out>, co=<optimized out>) at /tmp/build/80754af9/python_1588882889832/work/Objects/call.c:283
#41 _PyFunction_FastCallKeywords (func=<optimized out>, stack=0x7fb42c072be8, nargs=1, kwnames=<optimized out>) at /tmp/build/80754af9/python_1588882889832/work/Objects/call.c:408
#42 0x00005636c5b6be70 in call_function (kwnames=0x0, oparg=<optimized out>, pp_stack=<synthetic pointer>) at /tmp/build/80754af9/python_1588882889832/work/Python/ceval.c:4616
#43 _PyEval_EvalFrameDefault (f=<optimized out>, throwflag=<optimized out>) at /tmp/build/80754af9/python_1588882889832/work/Python/ceval.c:3110
#44 0x00005636c5b0420b in function_code_fastcall (globals=<optimized out>, nargs=1, args=<optimized out>, co=<optimized out>) at /tmp/build/80754af9/python_1588882889832/work/Objects/call.c:283
#45 _PyFunction_FastCallKeywords (func=<optimized out>, stack=0x7fb42c0705b0, nargs=1, kwnames=<optimized out>) at /tmp/build/80754af9/python_1588882889832/work/Objects/call.c:408
#46 0x00005636c5b6be70 in call_function (kwnames=0x0, oparg=<optimized out>, pp_stack=<synthetic pointer>) at /tmp/build/80754af9/python_1588882889832/work/Python/ceval.c:4616
#47 _PyEval_EvalFrameDefault (f=<optimized out>, throwflag=<optimized out>) at /tmp/build/80754af9/python_1588882889832/work/Python/ceval.c:3110
#48 0x00005636c5b0cb5c in gen_send_ex (closing=0, exc=0, arg=<optimized out>, gen=0x7fb42c05a680) at /tmp/build/80754af9/python_1588882889832/work/Objects/genobject.c:221
#49 _PyGen_Send (gen=0x7fb42c05a680, arg=<optimized out>) at /tmp/build/80754af9/python_1588882889832/work/Objects/genobject.c:291
#50 0x00005636c5b6d257 in _PyEval_EvalFrameDefault (f=<optimized out>, throwflag=<optimized out>) at /tmp/build/80754af9/python_1588882889832/work/Python/ceval.c:1787
#51 0x00005636c5b0cb5c in gen_send_ex (closing=0, exc=0, arg=<optimized out>, gen=0x7fb42c074050) at /tmp/build/80754af9/python_1588882889832/work/Objects/genobject.c:221
#52 _PyGen_Send (gen=0x7fb42c074050, arg=<optimized out>) at /tmp/build/80754af9/python_1588882889832/work/Objects/genobject.c:291
#53 0x00007fb45f4a1cc7 in task_step_impl (exc=<optimized out>, task=0x7fb42c0b09f0) at /usr/local/src/conda/python-3.7.7/Modules/_asynciomodule.c:2575
#54 task_step (exc=0x0, task=0x7fb42c0b09f0) at /usr/local/src/conda/python-3.7.7/Modules/_asynciomodule.c:2888
#55 task_wakeup (o=<optimized out>, task=0x7fb42c0b09f0) at /usr/local/src/conda/python-3.7.7/Modules/_asynciomodule.c:2925
#56 TaskWakeupMethWrapper_call (o=<optimized out>, args=<optimized out>, kwds=<optimized out>) at /usr/local/src/conda/python-3.7.7/Modules/_asynciomodule.c:1798
#57 0x00005636c5b0c00b in _PyObject_FastCallKeywords (callable=0x7fb390428ad0, stack=0x7fb42c0c0390, nargs=1, kwnames=0x0) at /tmp/build/80754af9/python_1588882889832/work/Objects/call.c:199
#58 0x00005636c5b9f663 in context_run (self=0x7fb454295d70, args=0x7fb42c0c0388, nargs=2, kwnames=0x0) at /tmp/build/80754af9/python_1588882889832/work/Python/context.c:618
#59 0x00005636c5ad5a44 in _PyMethodDef_RawFastCallDict (method=0x5636c5cca100 <PyContext_methods+160>, self=0x7fb454295d70, args=<optimized out>, nargs=2, kwargs=0x0) at /tmp/build/80754af9/python_1588882889832/work/Objects/call.c:544
#60 0x00005636c5ad5c81 in _PyCFunction_FastCallDict (func=0x7fb38cd60460, args=<optimized out>, nargs=<optimized out>, kwargs=<optimized out>) at /tmp/build/80754af9/python_1588882889832/work/Objects/call.c:586
#61 0x00005636c5b712ed in do_call_core (kwdict=0x0, callargs=0x7fb42c0c0370, func=0x7fb38cd60460) at /tmp/build/80754af9/python_1588882889832/work/Python/ceval.c:4641
#62 _PyEval_EvalFrameDefault (f=<optimized out>, throwflag=<optimized out>) at /tmp/build/80754af9/python_1588882889832/work/Python/ceval.c:3191
#63 0x00005636c5b0420b in function_code_fastcall (globals=<optimized out>, nargs=1, args=<optimized out>, co=<optimized out>) at /tmp/build/80754af9/python_1588882889832/work/Objects/call.c:283
#64 _PyFunction_FastCallKeywords (func=<optimized out>, stack=0x7fb3c00011e8, nargs=1, kwnames=<optimized out>) at /tmp/build/80754af9/python_1588882889832/work/Objects/call.c:408
#65 0x00005636c5b6be70 in call_function (kwnames=0x0, oparg=<optimized out>, pp_stack=<synthetic pointer>) at /tmp/build/80754af9/python_1588882889832/work/Python/ceval.c:4616
#66 _PyEval_EvalFrameDefault (f=<optimized out>, throwflag=<optimized out>) at /tmp/build/80754af9/python_1588882889832/work/Python/ceval.c:3110
#67 0x00005636c5b0420b in function_code_fastcall (globals=<optimized out>, nargs=1, args=<optimized out>, co=<optimized out>) at /tmp/build/80754af9/python_1588882889832/work/Objects/call.c:283
#68 _PyFunction_FastCallKeywords (func=<optimized out>, stack=0x7fb44c0ab3c0, nargs=1, kwnames=<optimized out>) at /tmp/build/80754af9/python_1588882889832/work/Objects/call.c:408
#69 0x00005636c5b6be70 in call_function (kwnames=0x0, oparg=<optimized out>, pp_stack=<synthetic pointer>) at /tmp/build/80754af9/python_1588882889832/work/Python/ceval.c:4616
#70 _PyEval_EvalFrameDefault (f=<optimized out>, throwflag=<optimized out>) at /tmp/build/80754af9/python_1588882889832/work/Python/ceval.c:3110
#71 0x00007fb45ff34cef in __Pyx_PyFunction_FastCallNoKw(PyCodeObject*, _object**, long, _object*) () from /home/ray/anaconda3/lib/python3.7/site-packages/ray/_raylet.so
#72 0x00007fb45ff37531 in __Pyx_PyFunction_FastCallDict(_object*, _object**, long, _object*) [clone .constprop.0] () from /home/ray/anaconda3/lib/python3.7/site-packages/ray/_raylet.so
#73 0x00007fb45ff51636 in __Pyx_PyObject_CallOneArg(_object*, _object*) () from /home/ray/anaconda3/lib/python3.7/site-packages/ray/_raylet.so
#74 0x00007fb45ff5bb0a in __pyx_pw_3ray_7_raylet_10CoreWorker_49initialize_eventloops_for_actor_concurrency_group_lambda(_object*, _object*) () from /home/ray/anaconda3/lib/python3.7/site-packages/ray/_raylet.so
#75 0x00005636c5ac695e in PyObject_Call (callable=0x7fb42c1317d0, args=<optimized out>, kwargs=<optimized out>) at /tmp/build/80754af9/python_1588882889832/work/Objects/call.c:245
#76 0x00005636c5b6d51a in do_call_core (kwdict=0x7fb42c052eb0, callargs=0x7fb460fe8050, func=0x7fb42c1317d0) at /tmp/build/80754af9/python_1588882889832/work/Python/ceval.c:4645
#77 _PyEval_EvalFrameDefault (f=<optimized out>, throwflag=<optimized out>) at /tmp/build/80754af9/python_1588882889832/work/Python/ceval.c:3191
#78 0x00005636c5b0420b in function_code_fastcall (globals=<optimized out>, nargs=1, args=<optimized out>, co=<optimized out>) at /tmp/build/80754af9/python_1588882889832/work/Objects/call.c:283
#79 _PyFunction_FastCallKeywords (func=<optimized out>, stack=0x7fb3c0000d10, nargs=1, kwnames=<optimized out>) at /tmp/build/80754af9/python_1588882889832/work/Objects/call.c:408
#80 0x00005636c5b6be70 in call_function (kwnames=0x0, oparg=<optimized out>, pp_stack=<synthetic pointer>) at /tmp/build/80754af9/python_1588882889832/work/Python/ceval.c:4616
#81 _PyEval_EvalFrameDefault (f=<optimized out>, throwflag=<optimized out>) at /tmp/build/80754af9/python_1588882889832/work/Python/ceval.c:3110
#82 0x00005636c5b0420b in function_code_fastcall (globals=<optimized out>, nargs=1, args=<optimized out>, co=<optimized out>) at /tmp/build/80754af9/python_1588882889832/work/Objects/call.c:283
#83 _PyFunction_FastCallKeywords (func=<optimized out>, stack=0x7fb4542c3568, nargs=1, kwnames=<optimized out>) at /tmp/build/80754af9/python_1588882889832/work/Objects/call.c:408
#84 0x00005636c5b6be70 in call_function (kwnames=0x0, oparg=<optimized out>, pp_stack=<synthetic pointer>) at /tmp/build/80754af9/python_1588882889832/work/Python/ceval.c:4616
#85 _PyEval_EvalFrameDefault (f=<optimized out>, throwflag=<optimized out>) at /tmp/build/80754af9/python_1588882889832/work/Python/ceval.c:3110
#86 0x00005636c5ab531b in function_code_fastcall (globals=<optimized out>, nargs=1, args=<optimized out>, co=0x7fb460c01300) at /tmp/build/80754af9/python_1588882889832/work/Objects/call.c:283
#87 _PyFunction_FastCallDict (func=<optimized out>, args=0x7fb3d5419e00, nargs=1, kwargs=<optimized out>) at /tmp/build/80754af9/python_1588882889832/work/Objects/call.c:322
#88 0x00005636c5ad3b93 in _PyObject_Call_Prepend (callable=0x7fb460c0c950, obj=<optimized out>, args=0x7fb460fe8050, kwargs=0x0) at /tmp/build/80754af9/python_1588882889832/work/Objects/call.c:908
#89 0x00005636c5ac695e in PyObject_Call (callable=0x7fb459389b90, args=<optimized out>, kwargs=<optimized out>) at /tmp/build/80754af9/python_1588882889832/work/Objects/call.c:245
#90 0x00005636c5bc3fa7 in t_bootstrap (boot_raw=0x7fb42c0b6330) at /tmp/build/80754af9/python_1588882889832/work/Modules/_threadmodule.c:994
#91 0x00005636c5b7ec48 in pythread_wrapper (arg=<optimized out>) at /tmp/build/80754af9/python_1588882889832/work/Python/thread_pthread.h:174
#92 0x00007fb46153b609 in start_thread (arg=<optimized out>) at pthread_create.c:477
#93 0x00007fb461460133 in clone () at ../sysdeps/unix/sysv/linux/x86_64/clone.S:95

Thread 21 (Thread 0x7fb3d5c1b700 (LWP 410)):
#0  0x00007fb461545678 in futex_abstimed_wait_cancelable (private=0, abstime=0x7fb3d5c1a090, clockid=0, expected=0, futex_word=0x7fb3cc0127b0) at ../sysdeps/nptl/futex-internal.h:320
#1  do_futex_wait (sem=sem@entry=0x7fb3cc0127b0, abstime=abstime@entry=0x7fb3d5c1a090, clockid=0) at sem_waitcommon.c:112
#2  0x00007fb4615457a3 in __new_sem_wait_slow (sem=0x7fb3cc0127b0, abstime=0x7fb3d5c1a090, clockid=0) at sem_waitcommon.c:184
#3  0x00005636c5ab97f5 in PyThread_acquire_lock_timed (lock=0x7fb3cc0127b0, microseconds=<optimized out>, intr_flag=1) at /tmp/build/80754af9/python_1588882889832/work/Python/thread_pthread.h:366
#4  0x00005636c5b3f86c in acquire_timed (timeout=10000000, lock=0x7fb3cc0127b0) at /tmp/build/80754af9/python_1588882889832/work/Modules/_threadmodule.c:61
#5  lock_PyThread_acquire_lock (self=0x7fb39061d960, args=<optimized out>, kwds=<optimized out>) at /tmp/build/80754af9/python_1588882889832/work/Modules/_threadmodule.c:144
#6  0x00005636c5b04c94 in _PyMethodDef_RawFastCallKeywords (method=0x5636c5cc07a0 <lock_methods+32>, self=0x7fb39061d960, args=0x5636c72431b0, nargs=<optimized out>, kwnames=<optimized out>) at /tmp/build/80754af9/python_1588882889832/work/Objects/call.c:694
#7  0x00005636c5b0baef in _PyMethodDescr_FastCallKeywords (descrobj=0x7fb460fde050, args=0x5636c72431a8, nargs=3, kwnames=0x0) at /tmp/build/80754af9/python_1588882889832/work/Objects/descrobject.c:288
#8  0x00005636c5b7037c in call_function (kwnames=0x0, oparg=3, pp_stack=<synthetic pointer>) at /tmp/build/80754af9/python_1588882889832/work/Python/ceval.c:4593
#9  _PyEval_EvalFrameDefault (f=<optimized out>, throwflag=<optimized out>) at /tmp/build/80754af9/python_1588882889832/work/Python/ceval.c:3110
#10 0x00005636c5ab42b9 in _PyEval_EvalCodeWithName (_co=0x7fb460bf78a0, globals=<optimized out>, locals=<optimized out>, args=<optimized out>, argcount=<optimized out>, kwnames=0x0, kwargs=0x7fb459839f80, kwcount=<optimized out>, kwstep=1, defs=0x7fb460bf91a8, defcount=1, kwdefs=0x0, closure=0x0, name=0x7fb460f93130, qualname=0x7fb460bf4d70) at /tmp/build/80754af9/python_1588882889832/work/Python/ceval.c:3930
#11 0x00005636c5b04435 in _PyFunction_FastCallKeywords (func=<optimized out>, stack=0x7fb459839f70, nargs=2, kwnames=<optimized out>) at /tmp/build/80754af9/python_1588882889832/work/Objects/call.c:433
#12 0x00005636c5b6be70 in call_function (kwnames=0x0, oparg=<optimized out>, pp_stack=<synthetic pointer>) at /tmp/build/80754af9/python_1588882889832/work/Python/ceval.c:4616
#13 _PyEval_EvalFrameDefault (f=<optimized out>, throwflag=<optimized out>) at /tmp/build/80754af9/python_1588882889832/work/Python/ceval.c:3110
#14 0x00005636c5ab42b9 in _PyEval_EvalCodeWithName (_co=0x7fb460bfa390, globals=<optimized out>, locals=<optimized out>, args=<optimized out>, argcount=<optimized out>, kwnames=0x7fb457da30a8, kwargs=0x7fb3cc0013d8, kwcount=<optimized out>, kwstep=1, defs=0x7fb460bf9a68, defcount=1, kwdefs=0x0, closure=0x0, name=0x7fb460f93130, qualname=0x7fb460bf99f0) at /tmp/build/80754af9/python_1588882889832/work/Python/ceval.c:3930
#15 0x00005636c5b04497 in _PyFunction_FastCallKeywords (func=<optimized out>, stack=0x7fb3cc0013d0, nargs=1, kwnames=<optimized out>) at /tmp/build/80754af9/python_1588882889832/work/Objects/call.c:433
#16 0x00005636c5b6ccba in call_function (kwnames=0x7fb457da3090, oparg=<optimized out>, pp_stack=<synthetic pointer>) at /tmp/build/80754af9/python_1588882889832/work/Python/ceval.c:4616
#17 _PyEval_EvalFrameDefault (f=<optimized out>, throwflag=<optimized out>) at /tmp/build/80754af9/python_1588882889832/work/Python/ceval.c:3139
#18 0x00005636c5ab531b in function_code_fastcall (globals=<optimized out>, nargs=1, args=<optimized out>, co=0x7fb457da6030) at /tmp/build/80754af9/python_1588882889832/work/Objects/call.c:283
#19 _PyFunction_FastCallDict (func=<optimized out>, args=0x7fb3d5c1a8b0, nargs=1, kwargs=<optimized out>) at /tmp/build/80754af9/python_1588882889832/work/Objects/call.c:322
#20 0x00005636c5ad3b93 in _PyObject_Call_Prepend (callable=0x7fb457da6710, obj=<optimized out>, args=0x7fb460fe8050, kwargs=0x7fb4556ad4b0) at /tmp/build/80754af9/python_1588882889832/work/Objects/call.c:908
#21 0x00005636c5ac695e in PyObject_Call (callable=0x7fb460fdeaa0, args=<optimized out>, kwargs=<optimized out>) at /tmp/build/80754af9/python_1588882889832/work/Objects/call.c:245
#22 0x00005636c5b6d51a in do_call_core (kwdict=0x7fb4556ad4b0, callargs=0x7fb460fe8050, func=0x7fb460fdeaa0) at /tmp/build/80754af9/python_1588882889832/work/Python/ceval.c:4645
#23 _PyEval_EvalFrameDefault (f=<optimized out>, throwflag=<optimized out>) at /tmp/build/80754af9/python_1588882889832/work/Python/ceval.c:3191
#24 0x00005636c5b0420b in function_code_fastcall (globals=<optimized out>, nargs=1, args=<optimized out>, co=<optimized out>) at /tmp/build/80754af9/python_1588882889832/work/Objects/call.c:283
#25 _PyFunction_FastCallKeywords (func=<optimized out>, stack=0x7fb3cc000d10, nargs=1, kwnames=<optimized out>) at /tmp/build/80754af9/python_1588882889832/work/Objects/call.c:408
#26 0x00005636c5b6be70 in call_function (kwnames=0x0, oparg=<optimized out>, pp_stack=<synthetic pointer>) at /tmp/build/80754af9/python_1588882889832/work/Python/ceval.c:4616
#27 _PyEval_EvalFrameDefault (f=<optimized out>, throwflag=<optimized out>) at /tmp/build/80754af9/python_1588882889832/work/Python/ceval.c:3110
#28 0x00005636c5b0420b in function_code_fastcall (globals=<optimized out>, nargs=1, args=<optimized out>, co=<optimized out>) at /tmp/build/80754af9/python_1588882889832/work/Objects/call.c:283
#29 _PyFunction_FastCallKeywords (func=<optimized out>, stack=0x7fb454290568, nargs=1, kwnames=<optimized out>) at /tmp/build/80754af9/python_1588882889832/work/Objects/call.c:408
#30 0x00005636c5b6be70 in call_function (kwnames=0x0, oparg=<optimized out>, pp_stack=<synthetic pointer>) at /tmp/build/80754af9/python_1588882889832/work/Python/ceval.c:4616
#31 _PyEval_EvalFrameDefault (f=<optimized out>, throwflag=<optimized out>) at /tmp/build/80754af9/python_1588882889832/work/Python/ceval.c:3110
#32 0x00005636c5ab531b in function_code_fastcall (globals=<optimized out>, nargs=1, args=<optimized out>, co=0x7fb460c01300) at /tmp/build/80754af9/python_1588882889832/work/Objects/call.c:283
#33 _PyFunction_FastCallDict (func=<optimized out>, args=0x7fb3d5c1ae00, nargs=1, kwargs=<optimized out>) at /tmp/build/80754af9/python_1588882889832/work/Objects/call.c:322
#34 0x00005636c5ad3b93 in _PyObject_Call_Prepend (callable=0x7fb460c0c950, obj=<optimized out>, args=0x7fb460fe8050, kwargs=0x0) at /tmp/build/80754af9/python_1588882889832/work/Objects/call.c:908
#35 0x00005636c5ac695e in PyObject_Call (callable=0x7fb459389c80, args=<optimized out>, kwargs=<optimized out>) at /tmp/build/80754af9/python_1588882889832/work/Objects/call.c:245
#36 0x00005636c5bc3fa7 in t_bootstrap (boot_raw=0x7fb4543214b0) at /tmp/build/80754af9/python_1588882889832/work/Modules/_threadmodule.c:994
#37 0x00005636c5b7ec48 in pythread_wrapper (arg=<optimized out>) at /tmp/build/80754af9/python_1588882889832/work/Python/thread_pthread.h:174
#38 0x00007fb46153b609 in start_thread (arg=<optimized out>) at pthread_create.c:477
#39 0x00007fb461460133 in clone () at ../sysdeps/unix/sysv/linux/x86_64/clone.S:95

Thread 20 (Thread 0x7fb3d641c700 (LWP 409)):
#0  0x00007fb46141e23f in __GI___clock_nanosleep (clock_id=clock_id@entry=0, flags=flags@entry=0, req=0x7fb3d641be20, rem=0x7fb3d641be20) at ../sysdeps/unix/sysv/linux/clock_nanosleep.c:78
#1  0x00007fb461423ec7 in __GI___nanosleep (requested_time=<optimized out>, remaining=<optimized out>) at nanosleep.c:27
#2  0x00007fb4606ea3e5 in AbslInternalSleepFor_lts_20210324 () from /home/ray/anaconda3/lib/python3.7/site-packages/ray/_raylet.so
#3  0x00007fb4606c1d3f in opencensus::stats::DeltaProducer::RunHarvesterLoop() () from /home/ray/anaconda3/lib/python3.7/site-packages/ray/_raylet.so
#4  0x00007fb4607a3360 in execute_native_thread_routine () from /home/ray/anaconda3/lib/python3.7/site-packages/ray/_raylet.so
#5  0x00007fb46153b609 in start_thread (arg=<optimized out>) at pthread_create.c:477
#6  0x00007fb461460133 in clone () at ../sysdeps/unix/sysv/linux/x86_64/clone.S:95

Thread 19 (Thread 0x7fb3d6c1d700 (LWP 408)):
#0  0x00007fb46146046e in epoll_wait (epfd=59, events=0x7fb3ac00b588, maxevents=100, timeout=251) at ../sysdeps/unix/sysv/linux/epoll_wait.c:30
#1  0x00007fb4605a3004 in pollset_work(grpc_pollset*, grpc_pollset_worker**, long) () from /home/ray/anaconda3/lib/python3.7/site-packages/ray/_raylet.so
#2  0x00007fb46056a91f in cq_next(grpc_completion_queue*, gpr_timespec, void*) () from /home/ray/anaconda3/lib/python3.7/site-packages/ray/_raylet.so
#3  0x00007fb4603c1f51 in grpc::CompletionQueue::AsyncNextInternal(void**, bool*, gpr_timespec) () from /home/ray/anaconda3/lib/python3.7/site-packages/ray/_raylet.so
#4  0x00007fb4600bbfcc in ray::rpc::ClientCallManager::PollEventsFromCompletionQueue(int) () from /home/ray/anaconda3/lib/python3.7/site-packages/ray/_raylet.so
#5  0x00007fb4607a3360 in execute_native_thread_routine () from /home/ray/anaconda3/lib/python3.7/site-packages/ray/_raylet.so
#6  0x00007fb46153b609 in start_thread (arg=<optimized out>) at pthread_create.c:477
#7  0x00007fb461460133 in clone () at ../sysdeps/unix/sysv/linux/x86_64/clone.S:95

Thread 18 (Thread 0x7fb3d741e700 (LWP 407)):
#0  0x00007fb46141e23f in __GI___clock_nanosleep (clock_id=clock_id@entry=0, flags=flags@entry=0, req=0x7fb3d741de50, rem=0x7fb3d741de50) at ../sysdeps/unix/sysv/linux/clock_nanosleep.c:78
#1  0x00007fb461423ec7 in __GI___nanosleep (requested_time=<optimized out>, remaining=<optimized out>) at nanosleep.c:27
#2  0x00007fb4606ea3e5 in AbslInternalSleepFor_lts_20210324 () from /home/ray/anaconda3/lib/python3.7/site-packages/ray/_raylet.so
#3  0x00007fb4606c679c in opencensus::stats::StatsExporterImpl::RunWorkerLoop() () from /home/ray/anaconda3/lib/python3.7/site-packages/ray/_raylet.so
#4  0x00007fb4607a3360 in execute_native_thread_routine () from /home/ray/anaconda3/lib/python3.7/site-packages/ray/_raylet.so
#5  0x00007fb46153b609 in start_thread (arg=<optimized out>) at pthread_create.c:477
#6  0x00007fb461460133 in clone () at ../sysdeps/unix/sysv/linux/x86_64/clone.S:95

Thread 17 (Thread 0x7fb3d7c1f700 (LWP 406)):
#0  futex_wait_cancelable (private=<optimized out>, expected=0, futex_word=0x5636c71c67d8) at ../sysdeps/nptl/futex-internal.h:183
#1  __pthread_cond_wait_common (abstime=0x0, clockid=0, mutex=0x5636c71c6778, cond=0x5636c71c67b0) at pthread_cond_wait.c:508
#2  __pthread_cond_wait (cond=0x5636c71c67b0, mutex=0x5636c71c6778) at pthread_cond_wait.c:647
#3  0x00007fb4606b1b43 in boost::asio::detail::scheduler::do_run_one(boost::asio::detail::conditionally_enabled_mutex::scoped_lock&, boost::asio::detail::scheduler_thread_info&, boost::system::error_code const&) () from /home/ray/anaconda3/lib/python3.7/site-packages/ray/_raylet.so
#4  0x00007fb4606b2f51 in boost::asio::detail::scheduler::run(boost::system::error_code&) () from /home/ray/anaconda3/lib/python3.7/site-packages/ray/_raylet.so
#5  0x00007fb4606b33d0 in boost::asio::io_context::run() () from /home/ray/anaconda3/lib/python3.7/site-packages/ray/_raylet.so
#6  0x00007fb4602e0aeb in std::thread::_State_impl<std::thread::_Invoker<std::tuple<ray::IOServicePool::Run()::{lambda()#1}> > >::_M_run() () from /home/ray/anaconda3/lib/python3.7/site-packages/ray/_raylet.so
#7  0x00007fb4607a3360 in execute_native_thread_routine () from /home/ray/anaconda3/lib/python3.7/site-packages/ray/_raylet.so
#8  0x00007fb46153b609 in start_thread (arg=<optimized out>) at pthread_create.c:477
#9  0x00007fb461460133 in clone () at ../sysdeps/unix/sysv/linux/x86_64/clone.S:95

Thread 16 (Thread 0x7fb42cff9700 (LWP 405)):
#0  0x00007fb46146046e in epoll_wait (epfd=25, events=0x7fb42cff8660, maxevents=128, timeout=-1) at ../sysdeps/unix/sysv/linux/epoll_wait.c:30
#1  0x00007fb4606b17b9 in boost::asio::detail::epoll_reactor::run(long, boost::asio::detail::op_queue<boost::asio::detail::scheduler_operation>&) () from /home/ray/anaconda3/lib/python3.7/site-packages/ray/_raylet.so
#2  0x00007fb4606b1a3f in boost::asio::detail::scheduler::do_run_one(boost::asio::detail::conditionally_enabled_mutex::scoped_lock&, boost::asio::detail::scheduler_thread_info&, boost::system::error_code const&) () from /home/ray/anaconda3/lib/python3.7/site-packages/ray/_raylet.so
#3  0x00007fb4606b2f51 in boost::asio::detail::scheduler::run(boost::system::error_code&) () from /home/ray/anaconda3/lib/python3.7/site-packages/ray/_raylet.so
#4  0x00007fb4606b33d0 in boost::asio::io_context::run() () from /home/ray/anaconda3/lib/python3.7/site-packages/ray/_raylet.so
#5  0x00007fb460041a25 in ray::core::CoreWorker::RunIOService() () from /home/ray/anaconda3/lib/python3.7/site-packages/ray/_raylet.so
#6  0x00007fb4607a3360 in execute_native_thread_routine () from /home/ray/anaconda3/lib/python3.7/site-packages/ray/_raylet.so
#7  0x00007fb46153b609 in start_thread (arg=<optimized out>) at pthread_create.c:477
#8  0x00007fb461460133 in clone () at ../sysdeps/unix/sysv/linux/x86_64/clone.S:95

Thread 15 (Thread 0x7fb42d7fa700 (LWP 404)):
#0  syscall () at ../sysdeps/unix/sysv/linux/x86_64/syscall.S:38
#1  0x00007fb4606e1d4e in absl::lts_20210324::synchronization_internal::Waiter::Wait(absl::lts_20210324::synchronization_internal::KernelTimeout) () from /home/ray/anaconda3/lib/python3.7/site-packages/ray/_raylet.so
#2  0x00007fb4606e1c83 in AbslInternalPerThreadSemWait_lts_20210324 () from /home/ray/anaconda3/lib/python3.7/site-packages/ray/_raylet.so
#3  0x00007fb4606e181f in absl::lts_20210324::CondVar::WaitCommon(absl::lts_20210324::Mutex*, absl::lts_20210324::synchronization_internal::KernelTimeout) () from /home/ray/anaconda3/lib/python3.7/site-packages/ray/_raylet.so
#4  0x00007fb4605b4aae in gpr_cv_wait () from /home/ray/anaconda3/lib/python3.7/site-packages/ray/_raylet.so
#5  0x00007fb46058f053 in timer_thread(void*) () from /home/ray/anaconda3/lib/python3.7/site-packages/ray/_raylet.so
#6  0x00007fb4605b2b76 in grpc_core::(anonymous namespace)::ThreadInternalsPosix::ThreadInternalsPosix(char const*, void (*)(void*), void*, bool*, grpc_core::Thread::Options const&)::{lambda(void*)#1}::_FUN(void*) () from /home/ray/anaconda3/lib/python3.7/site-packages/ray/_raylet.so
#7  0x00007fb46153b609 in start_thread (arg=<optimized out>) at pthread_create.c:477
#8  0x00007fb461460133 in clone () at ../sysdeps/unix/sysv/linux/x86_64/clone.S:95

Thread 14 (Thread 0x7fb42dffb700 (LWP 403)):
#0  0x00007fb46146046e in epoll_wait (epfd=47, events=0x5636c71c17b8, maxevents=100, timeout=107) at ../sysdeps/unix/sysv/linux/epoll_wait.c:30
#1  0x00007fb4605a3004 in pollset_work(grpc_pollset*, grpc_pollset_worker**, long) () from /home/ray/anaconda3/lib/python3.7/site-packages/ray/_raylet.so
#2  0x00007fb46056a91f in cq_next(grpc_completion_queue*, gpr_timespec, void*) () from /home/ray/anaconda3/lib/python3.7/site-packages/ray/_raylet.so
#3  0x00007fb4603c1f51 in grpc::CompletionQueue::AsyncNextInternal(void**, bool*, gpr_timespec) () from /home/ray/anaconda3/lib/python3.7/site-packages/ray/_raylet.so
#4  0x00007fb4600bbfcc in ray::rpc::ClientCallManager::PollEventsFromCompletionQueue(int) () from /home/ray/anaconda3/lib/python3.7/site-packages/ray/_raylet.so
#5  0x00007fb4607a3360 in execute_native_thread_routine () from /home/ray/anaconda3/lib/python3.7/site-packages/ray/_raylet.so
#6  0x00007fb46153b609 in start_thread (arg=<optimized out>) at pthread_create.c:477
#7  0x00007fb461460133 in clone () at ../sysdeps/unix/sysv/linux/x86_64/clone.S:95

Thread 13 (Thread 0x7fb42e7fc700 (LWP 402)):
#0  syscall () at ../sysdeps/unix/sysv/linux/x86_64/syscall.S:38
#1  0x00007fb459cf37a6 in ?? () from /home/ray/anaconda3/lib/python3.7/site-packages/grpc/_cython/cygrpc.cpython-37m-x86_64-linux-gnu.so
#2  0x00007fb459cf36e2 in ?? () from /home/ray/anaconda3/lib/python3.7/site-packages/grpc/_cython/cygrpc.cpython-37m-x86_64-linux-gnu.so
#3  0x00007fb459cf6388 in ?? () from /home/ray/anaconda3/lib/python3.7/site-packages/grpc/_cython/cygrpc.cpython-37m-x86_64-linux-gnu.so
#4  0x00007fb459bd6b37 in ?? () from /home/ray/anaconda3/lib/python3.7/site-packages/grpc/_cython/cygrpc.cpython-37m-x86_64-linux-gnu.so
#5  0x00007fb459c03a33 in ?? () from /home/ray/anaconda3/lib/python3.7/site-packages/grpc/_cython/cygrpc.cpython-37m-x86_64-linux-gnu.so
#6  0x00007fb459bdc279 in ?? () from /home/ray/anaconda3/lib/python3.7/site-packages/grpc/_cython/cygrpc.cpython-37m-x86_64-linux-gnu.so
#7  0x00007fb46153b609 in start_thread (arg=<optimized out>) at pthread_create.c:477
#8  0x00007fb461460133 in clone () at ../sysdeps/unix/sysv/linux/x86_64/clone.S:95

Thread 12 (Thread 0x7fb42effd700 (LWP 401)):
#0  0x00007fb46146046e in epoll_wait (epfd=38, events=0x7fb420002848, maxevents=100, timeout=251) at ../sysdeps/unix/sysv/linux/epoll_wait.c:30
#1  0x00007fb4605a3004 in pollset_work(grpc_pollset*, grpc_pollset_worker**, long) () from /home/ray/anaconda3/lib/python3.7/site-packages/ray/_raylet.so
#2  0x00007fb46056a91f in cq_next(grpc_completion_queue*, gpr_timespec, void*) () from /home/ray/anaconda3/lib/python3.7/site-packages/ray/_raylet.so
#3  0x00007fb4603c1f51 in grpc::CompletionQueue::AsyncNextInternal(void**, bool*, gpr_timespec) () from /home/ray/anaconda3/lib/python3.7/site-packages/ray/_raylet.so
#4  0x00007fb4600bbfcc in ray::rpc::ClientCallManager::PollEventsFromCompletionQueue(int) () from /home/ray/anaconda3/lib/python3.7/site-packages/ray/_raylet.so
#5  0x00007fb4607a3360 in execute_native_thread_routine () from /home/ray/anaconda3/lib/python3.7/site-packages/ray/_raylet.so
#6  0x00007fb46153b609 in start_thread (arg=<optimized out>) at pthread_create.c:477
#7  0x00007fb461460133 in clone () at ../sysdeps/unix/sysv/linux/x86_64/clone.S:95

Thread 11 (Thread 0x7fb42f7fe700 (LWP 400)):
#0  0x00007fb46146046e in epoll_wait (epfd=34, events=0x7fb42f7fd6e0, maxevents=128, timeout=-1) at ../sysdeps/unix/sysv/linux/epoll_wait.c:30
#1  0x00007fb4606b17b9 in boost::asio::detail::epoll_reactor::run(long, boost::asio::detail::op_queue<boost::asio::detail::scheduler_operation>&) () from /home/ray/anaconda3/lib/python3.7/site-packages/ray/_raylet.so
#2  0x00007fb4606b1a3f in boost::asio::detail::scheduler::do_run_one(boost::asio::detail::conditionally_enabled_mutex::scoped_lock&, boost::asio::detail::scheduler_thread_info&, boost::system::error_code const&) () from /home/ray/anaconda3/lib/python3.7/site-packages/ray/_raylet.so
#3  0x00007fb4606b2f51 in boost::asio::detail::scheduler::run(boost::system::error_code&) () from /home/ray/anaconda3/lib/python3.7/site-packages/ray/_raylet.so
#4  0x00007fb4606b33d0 in boost::asio::io_context::run() () from /home/ray/anaconda3/lib/python3.7/site-packages/ray/_raylet.so
#5  0x00007fb4600df21f in std::thread::_State_impl<std::thread::_Invoker<std::tuple<ray::core::GcsServerAddressUpdater::GcsServerAddressUpdater(std::string, int, std::function<void (std::string, int)>)::{lambda()#1}> > >::_M_run() () from /home/ray/anaconda3/lib/python3.7/site-packages/ray/_raylet.so
#6  0x00007fb4607a3360 in execute_native_thread_routine () from /home/ray/anaconda3/lib/python3.7/site-packages/ray/_raylet.so
#7  0x00007fb46153b609 in start_thread (arg=<optimized out>) at pthread_create.c:477
#8  0x00007fb461460133 in clone () at ../sysdeps/unix/sysv/linux/x86_64/clone.S:95

Thread 10 (Thread 0x7fb42ffff700 (LWP 399)):
#0  0x00007fb46146046e in epoll_wait (epfd=60, events=0x7fb428000f78, maxevents=100, timeout=-1) at ../sysdeps/unix/sysv/linux/epoll_wait.c:30
#1  0x00007fb4605a3004 in pollset_work(grpc_pollset*, grpc_pollset_worker**, long) () from /home/ray/anaconda3/lib/python3.7/site-packages/ray/_raylet.so
#2  0x00007fb46056a91f in cq_next(grpc_completion_queue*, gpr_timespec, void*) () from /home/ray/anaconda3/lib/python3.7/site-packages/ray/_raylet.so
#3  0x00007fb4603c1f51 in grpc::CompletionQueue::AsyncNextInternal(void**, bool*, gpr_timespec) () from /home/ray/anaconda3/lib/python3.7/site-packages/ray/_raylet.so
#4  0x00007fb4602d92f4 in ray::rpc::GrpcServer::PollEventsFromCompletionQueue(int) () from /home/ray/anaconda3/lib/python3.7/site-packages/ray/_raylet.so
#5  0x00007fb4607a3360 in execute_native_thread_routine () from /home/ray/anaconda3/lib/python3.7/site-packages/ray/_raylet.so
#6  0x00007fb46153b609 in start_thread (arg=<optimized out>) at pthread_create.c:477
#7  0x00007fb461460133 in clone () at ../sysdeps/unix/sysv/linux/x86_64/clone.S:95

Thread 9 (Thread 0x7fb44cff9700 (LWP 398)):
#0  0x00007fb46146046e in epoll_wait (epfd=57, events=0x7fb414002828, maxevents=100, timeout=251) at ../sysdeps/unix/sysv/linux/epoll_wait.c:30
#1  0x00007fb4605a3004 in pollset_work(grpc_pollset*, grpc_pollset_worker**, long) () from /home/ray/anaconda3/lib/python3.7/site-packages/ray/_raylet.so
#2  0x00007fb46056a91f in cq_next(grpc_completion_queue*, gpr_timespec, void*) () from /home/ray/anaconda3/lib/python3.7/site-packages/ray/_raylet.so
#3  0x00007fb4603c1f51 in grpc::CompletionQueue::AsyncNextInternal(void**, bool*, gpr_timespec) () from /home/ray/anaconda3/lib/python3.7/site-packages/ray/_raylet.so
#4  0x00007fb4600bbfcc in ray::rpc::ClientCallManager::PollEventsFromCompletionQueue(int) () from /home/ray/anaconda3/lib/python3.7/site-packages/ray/_raylet.so
#5  0x00007fb4607a3360 in execute_native_thread_routine () from /home/ray/anaconda3/lib/python3.7/site-packages/ray/_raylet.so
#6  0x00007fb46153b609 in start_thread (arg=<optimized out>) at pthread_create.c:477
#7  0x00007fb461460133 in clone () at ../sysdeps/unix/sysv/linux/x86_64/clone.S:95

Thread 8 (Thread 0x7fb44dffb700 (LWP 397)):
#0  syscall () at ../sysdeps/unix/sysv/linux/x86_64/syscall.S:38
#1  0x00007fb4606e1daf in absl::lts_20210324::synchronization_internal::Waiter::Wait(absl::lts_20210324::synchronization_internal::KernelTimeout) () from /home/ray/anaconda3/lib/python3.7/site-packages/ray/_raylet.so
#2  0x00007fb4606e1c83 in AbslInternalPerThreadSemWait_lts_20210324 () from /home/ray/anaconda3/lib/python3.7/site-packages/ray/_raylet.so
#3  0x00007fb4606e181f in absl::lts_20210324::CondVar::WaitCommon(absl::lts_20210324::Mutex*, absl::lts_20210324::synchronization_internal::KernelTimeout) () from /home/ray/anaconda3/lib/python3.7/site-packages/ray/_raylet.so
#4  0x00007fb4605b4a89 in gpr_cv_wait () from /home/ray/anaconda3/lib/python3.7/site-packages/ray/_raylet.so
#5  0x00007fb46058f053 in timer_thread(void*) () from /home/ray/anaconda3/lib/python3.7/site-packages/ray/_raylet.so
#6  0x00007fb4605b2b76 in grpc_core::(anonymous namespace)::ThreadInternalsPosix::ThreadInternalsPosix(char const*, void (*)(void*), void*, bool*, grpc_core::Thread::Options const&)::{lambda(void*)#1}::_FUN(void*) () from /home/ray/anaconda3/lib/python3.7/site-packages/ray/_raylet.so
#7  0x00007fb46153b609 in start_thread (arg=<optimized out>) at pthread_create.c:477
#8  0x00007fb461460133 in clone () at ../sysdeps/unix/sysv/linux/x86_64/clone.S:95

Thread 7 (Thread 0x7fb44d7fa700 (LWP 396)):
#0  syscall () at ../sysdeps/unix/sysv/linux/x86_64/syscall.S:38
#1  0x00007fb4606e1d4e in absl::lts_20210324::synchronization_internal::Waiter::Wait(absl::lts_20210324::synchronization_internal::KernelTimeout) () from /home/ray/anaconda3/lib/python3.7/site-packages/ray/_raylet.so
#2  0x00007fb4606e1c83 in AbslInternalPerThreadSemWait_lts_20210324 () from /home/ray/anaconda3/lib/python3.7/site-packages/ray/_raylet.so
#3  0x00007fb4606e181f in absl::lts_20210324::CondVar::WaitCommon(absl::lts_20210324::Mutex*, absl::lts_20210324::synchronization_internal::KernelTimeout) () from /home/ray/anaconda3/lib/python3.7/site-packages/ray/_raylet.so
#4  0x00007fb4605b4aae in gpr_cv_wait () from /home/ray/anaconda3/lib/python3.7/site-packages/ray/_raylet.so
#5  0x00007fb46059cc76 in grpc_core::Executor::ThreadMain(void*) () from /home/ray/anaconda3/lib/python3.7/site-packages/ray/_raylet.so
#6  0x00007fb4605b2b76 in grpc_core::(anonymous namespace)::ThreadInternalsPosix::ThreadInternalsPosix(char const*, void (*)(void*), void*, bool*, grpc_core::Thread::Options const&)::{lambda(void*)#1}::_FUN(void*) () from /home/ray/anaconda3/lib/python3.7/site-packages/ray/_raylet.so
#7  0x00007fb46153b609 in start_thread (arg=<optimized out>) at pthread_create.c:477
#8  0x00007fb461460133 in clone () at ../sysdeps/unix/sysv/linux/x86_64/clone.S:95

Thread 6 (Thread 0x7fb44e7fc700 (LWP 395)):
#0  syscall () at ../sysdeps/unix/sysv/linux/x86_64/syscall.S:38
#1  0x00007fb4606e1d4e in absl::lts_20210324::synchronization_internal::Waiter::Wait(absl::lts_20210324::synchronization_internal::KernelTimeout) () from /home/ray/anaconda3/lib/python3.7/site-packages/ray/_raylet.so
#2  0x00007fb4606e1c83 in AbslInternalPerThreadSemWait_lts_20210324 () from /home/ray/anaconda3/lib/python3.7/site-packages/ray/_raylet.so
#3  0x00007fb4606e181f in absl::lts_20210324::CondVar::WaitCommon(absl::lts_20210324::Mutex*, absl::lts_20210324::synchronization_internal::KernelTimeout) () from /home/ray/anaconda3/lib/python3.7/site-packages/ray/_raylet.so
#4  0x00007fb4605b4aae in gpr_cv_wait () from /home/ray/anaconda3/lib/python3.7/site-packages/ray/_raylet.so
#5  0x00007fb46059cc76 in grpc_core::Executor::ThreadMain(void*) () from /home/ray/anaconda3/lib/python3.7/site-packages/ray/_raylet.so
#6  0x00007fb4605b2b76 in grpc_core::(anonymous namespace)::ThreadInternalsPosix::ThreadInternalsPosix(char const*, void (*)(void*), void*, bool*, grpc_core::Thread::Options const&)::{lambda(void*)#1}::_FUN(void*) () from /home/ray/anaconda3/lib/python3.7/site-packages/ray/_raylet.so
#7  0x00007fb46153b609 in start_thread (arg=<optimized out>) at pthread_create.c:477
#8  0x00007fb461460133 in clone () at ../sysdeps/unix/sysv/linux/x86_64/clone.S:95

Thread 5 (Thread 0x7fb44effd700 (LWP 389)):
#0  syscall () at ../sysdeps/unix/sysv/linux/x86_64/syscall.S:38
#1  0x00007fb459cf380a in ?? () from /home/ray/anaconda3/lib/python3.7/site-packages/grpc/_cython/cygrpc.cpython-37m-x86_64-linux-gnu.so
#2  0x00007fb459cf36e2 in ?? () from /home/ray/anaconda3/lib/python3.7/site-packages/grpc/_cython/cygrpc.cpython-37m-x86_64-linux-gnu.so
#3  0x00007fb459cf6388 in ?? () from /home/ray/anaconda3/lib/python3.7/site-packages/grpc/_cython/cygrpc.cpython-37m-x86_64-linux-gnu.so
#4  0x00007fb459bd6b14 in ?? () from /home/ray/anaconda3/lib/python3.7/site-packages/grpc/_cython/cygrpc.cpython-37m-x86_64-linux-gnu.so
#5  0x00007fb459c03a33 in ?? () from /home/ray/anaconda3/lib/python3.7/site-packages/grpc/_cython/cygrpc.cpython-37m-x86_64-linux-gnu.so
#6  0x00007fb459bdc279 in ?? () from /home/ray/anaconda3/lib/python3.7/site-packages/grpc/_cython/cygrpc.cpython-37m-x86_64-linux-gnu.so
#7  0x00007fb46153b609 in start_thread (arg=<optimized out>) at pthread_create.c:477
#8  0x00007fb461460133 in clone () at ../sysdeps/unix/sysv/linux/x86_64/clone.S:95

Thread 4 (Thread 0x7fb44f7fe700 (LWP 388)):
#0  syscall () at ../sysdeps/unix/sysv/linux/x86_64/syscall.S:38
#1  0x00007fb459cf37a6 in ?? () from /home/ray/anaconda3/lib/python3.7/site-packages/grpc/_cython/cygrpc.cpython-37m-x86_64-linux-gnu.so
#2  0x00007fb459cf36e2 in ?? () from /home/ray/anaconda3/lib/python3.7/site-packages/grpc/_cython/cygrpc.cpython-37m-x86_64-linux-gnu.so
#3  0x00007fb459cf6388 in ?? () from /home/ray/anaconda3/lib/python3.7/site-packages/grpc/_cython/cygrpc.cpython-37m-x86_64-linux-gnu.so
#4  0x00007fb459bd6b37 in ?? () from /home/ray/anaconda3/lib/python3.7/site-packages/grpc/_cython/cygrpc.cpython-37m-x86_64-linux-gnu.so
#5  0x00007fb459bee6ed in ?? () from /home/ray/anaconda3/lib/python3.7/site-packages/grpc/_cython/cygrpc.cpython-37m-x86_64-linux-gnu.so
#6  0x00007fb459bdc279 in ?? () from /home/ray/anaconda3/lib/python3.7/site-packages/grpc/_cython/cygrpc.cpython-37m-x86_64-linux-gnu.so
#7  0x00007fb46153b609 in start_thread (arg=<optimized out>) at pthread_create.c:477
#8  0x00007fb461460133 in clone () at ../sysdeps/unix/sysv/linux/x86_64/clone.S:95

Thread 3 (Thread 0x7fb44ffff700 (LWP 387)):
#0  syscall () at ../sysdeps/unix/sysv/linux/x86_64/syscall.S:38
#1  0x00007fb459cf37a6 in ?? () from /home/ray/anaconda3/lib/python3.7/site-packages/grpc/_cython/cygrpc.cpython-37m-x86_64-linux-gnu.so
#2  0x00007fb459cf36e2 in ?? () from /home/ray/anaconda3/lib/python3.7/site-packages/grpc/_cython/cygrpc.cpython-37m-x86_64-linux-gnu.so
#3  0x00007fb459cf6388 in ?? () from /home/ray/anaconda3/lib/python3.7/site-packages/grpc/_cython/cygrpc.cpython-37m-x86_64-linux-gnu.so
#4  0x00007fb459bd6b37 in ?? () from /home/ray/anaconda3/lib/python3.7/site-packages/grpc/_cython/cygrpc.cpython-37m-x86_64-linux-gnu.so
#5  0x00007fb459bee6ed in ?? () from /home/ray/anaconda3/lib/python3.7/site-packages/grpc/_cython/cygrpc.cpython-37m-x86_64-linux-gnu.so
#6  0x00007fb459bdc279 in ?? () from /home/ray/anaconda3/lib/python3.7/site-packages/grpc/_cython/cygrpc.cpython-37m-x86_64-linux-gnu.so
#7  0x00007fb46153b609 in start_thread (arg=<optimized out>) at pthread_create.c:477
#8  0x00007fb461460133 in clone () at ../sysdeps/unix/sysv/linux/x86_64/clone.S:95

Thread 2 (Thread 0x7fb454dff700 (LWP 386)):
#0  futex_wait_cancelable (private=<optimized out>, expected=0, futex_word=0x7fb45540a5f0) at ../sysdeps/nptl/futex-internal.h:183
#1  __pthread_cond_wait_common (abstime=0x0, clockid=0, mutex=0x7fb45540a638, cond=0x7fb45540a5c8) at pthread_cond_wait.c:508
#2  __pthread_cond_wait (cond=cond@entry=0x7fb45540a5c8, mutex=mutex@entry=0x7fb45540a638) at pthread_cond_wait.c:647
#3  0x00007fb456e36544 in background_thread_sleep (tsdn=<optimized out>, interval=<optimized out>, info=<optimized out>) at src/background_thread.c:232
#4  background_work_sleep_once (ind=0, info=<optimized out>, tsdn=<optimized out>) at src/background_thread.c:307
#5  background_thread0_work (tsd=<optimized out>) at src/background_thread.c:452
#6  background_work (ind=<optimized out>, tsd=<optimized out>) at src/background_thread.c:490
#7  background_thread_entry (ind_arg=<optimized out>) at src/background_thread.c:522
#8  0x00007fb46153b609 in start_thread (arg=<optimized out>) at pthread_create.c:477
#9  0x00007fb461460133 in clone () at ../sysdeps/unix/sysv/linux/x86_64/clone.S:95

Thread 1 (Thread 0x7fb4611d8740 (LWP 382)):
#0  0x00007fb46146046e in epoll_wait (epfd=77, events=0x7ffe02b52ce0, maxevents=128, timeout=-1) at ../sysdeps/unix/sysv/linux/epoll_wait.c:30
#1  0x00007fb4606b17b9 in boost::asio::detail::epoll_reactor::run(long, boost::asio::detail::op_queue<boost::asio::detail::scheduler_operation>&) () from /home/ray/anaconda3/lib/python3.7/site-packages/ray/_raylet.so
#2  0x00007fb4606b1a3f in boost::asio::detail::scheduler::do_run_one(boost::asio::detail::conditionally_enabled_mutex::scoped_lock&, boost::asio::detail::scheduler_thread_info&, boost::system::error_code const&) () from /home/ray/anaconda3/lib/python3.7/site-packages/ray/_raylet.so
#3  0x00007fb4606b2f51 in boost::asio::detail::scheduler::run(boost::system::error_code&) () from /home/ray/anaconda3/lib/python3.7/site-packages/ray/_raylet.so
#4  0x00007fb4606b33d0 in boost::asio::io_context::run() () from /home/ray/anaconda3/lib/python3.7/site-packages/ray/_raylet.so
#5  0x00007fb4600dd6d0 in ray::core::CoreWorkerProcess::RunTaskExecutionLoop() () from /home/ray/anaconda3/lib/python3.7/site-packages/ray/_raylet.so
#6  0x00007fb45ff36ec7 in __pyx_pw_3ray_7_raylet_10CoreWorker_9run_task_loop(_object*, _object*) () from /home/ray/anaconda3/lib/python3.7/site-packages/ray/_raylet.so
#7  0x00005636c5b04b71 in _PyMethodDef_RawFastCallKeywords (method=0x7fb460b12e60 <__pyx_methods_3ray_7_raylet_CoreWorker+96>, self=0x7fb4543174d0, args=0x7fb454292c58, nargs=<optimized out>, kwnames=<optimized out>) at /tmp/build/80754af9/python_1588882889832/work/Objects/call.c:633
#8  0x00005636c5b0baef in _PyMethodDescr_FastCallKeywords (descrobj=0x7fb460b5c640, args=0x7fb454292c50, nargs=1, kwnames=0x0) at /tmp/build/80754af9/python_1588882889832/work/Objects/descrobject.c:288
#9  0x00005636c5b7037c in call_function (kwnames=0x0, oparg=1, pp_stack=<synthetic pointer>) at /tmp/build/80754af9/python_1588882889832/work/Python/ceval.c:4593
#10 _PyEval_EvalFrameDefault (f=<optimized out>, throwflag=<optimized out>) at /tmp/build/80754af9/python_1588882889832/work/Python/ceval.c:3110
#11 0x00005636c5b0420b in function_code_fastcall (globals=<optimized out>, nargs=1, args=<optimized out>, co=<optimized out>) at /tmp/build/80754af9/python_1588882889832/work/Objects/call.c:283
#12 _PyFunction_FastCallKeywords (func=<optimized out>, stack=0x5636c5e6e7d0, nargs=1, kwnames=<optimized out>) at /tmp/build/80754af9/python_1588882889832/work/Objects/call.c:408
#13 0x00005636c5b6be70 in call_function (kwnames=0x0, oparg=<optimized out>, pp_stack=<synthetic pointer>) at /tmp/build/80754af9/python_1588882889832/work/Python/ceval.c:4616
#14 _PyEval_EvalFrameDefault (f=<optimized out>, throwflag=<optimized out>) at /tmp/build/80754af9/python_1588882889832/work/Python/ceval.c:3110
#15 0x00005636c5ab42b9 in _PyEval_EvalCodeWithName (_co=0x7fb460f6e930, globals=<optimized out>, locals=<optimized out>, args=<optimized out>, argcount=<optimized out>, kwnames=0x0, kwargs=0x0, kwcount=<optimized out>, kwstep=2, defs=0x0, defcount=0, kwdefs=0x0, closure=0x0, name=0x0, qualname=0x0) at /tmp/build/80754af9/python_1588882889832/work/Python/ceval.c:3930
#16 0x00005636c5ab51d4 in PyEval_EvalCodeEx (_co=<optimized out>, globals=<optimized out>, locals=<optimized out>, args=<optimized out>, argcount=<optimized out>, kws=<optimized out>, kwcount=0, defs=0x0, defcount=0, kwdefs=0x0, closure=0x0) at /tmp/build/80754af9/python_1588882889832/work/Python/ceval.c:3959
#17 0x00005636c5ab51fc in PyEval_EvalCode (co=<optimized out>, globals=<optimized out>, locals=<optimized out>) at /tmp/build/80754af9/python_1588882889832/work/Python/ceval.c:524
#18 0x00005636c5bcaf44 in run_mod (mod=<optimized out>, filename=<optimized out>, globals=0x7fb460f4ebe0, locals=0x7fb460f4ebe0, flags=<optimized out>, arena=<optimized out>) at /tmp/build/80754af9/python_1588882889832/work/Python/pythonrun.c:1035
#19 0x00005636c5bd52b1 in PyRun_FileExFlags (fp=0x5636c5e28310, filename_str=<optimized out>, start=<optimized out>, globals=0x7fb460f4ebe0, locals=0x7fb460f4ebe0, closeit=1, flags=0x7ffe02b53aa0) at /tmp/build/80754af9/python_1588882889832/work/Python/pythonrun.c:988
#20 0x00005636c5bd54a3 in PyRun_SimpleFileExFlags (fp=0x5636c5e28310, filename=<optimized out>, closeit=1, flags=0x7ffe02b53aa0) at /tmp/build/80754af9/python_1588882889832/work/Python/pythonrun.c:429
#21 0x00005636c5bd65d5 in pymain_run_file (p_cf=0x7ffe02b53aa0, filename=0x5636c5e2beb0 L"/home/ray/anaconda3/lib/python3.7/site-packages/ray/workers/default_worker.py", fp=0x5636c5e28310) at /tmp/build/80754af9/python_1588882889832/work/Modules/main.c:462
#22 pymain_run_filename (cf=0x7ffe02b53aa0, pymain=0x7ffe02b53bb0) at /tmp/build/80754af9/python_1588882889832/work/Modules/main.c:1641
#23 pymain_run_python (pymain=0x7ffe02b53bb0) at /tmp/build/80754af9/python_1588882889832/work/Modules/main.c:2902
#24 pymain_main (pymain=0x7ffe02b53bb0) at /tmp/build/80754af9/python_1588882889832/work/Modules/main.c:3442
#25 0x00005636c5bd66fc in _Py_UnixMain (argc=<optimized out>, argv=<optimized out>) at /tmp/build/80754af9/python_1588882889832/work/Modules/main.c:3477
#26 0x00007fb461365083 in __libc_start_main (main=0x5636c5a953a0 <main>, argc=13, argv=0x7ffe02b53d18, init=<optimized out>, fini=<optimized out>, rtld_fini=<optimized out>, stack_end=0x7ffe02b53d08) at ../csu/libc-start.c:308
#27 0x00005636c5b7b3c0 in _start () at ../sysdeps/x86_64/elf/start.S:103
[Inferior 1 (process 382) detached]
