[New LWP 178]
[New LWP 179]
[New LWP 180]
[New LWP 181]
[New LWP 182]
[New LWP 183]
[New LWP 184]
[New LWP 185]
[New LWP 186]
[New LWP 187]
[New LWP 188]
[New LWP 189]
[New LWP 211]
[Thread debugging using libthread_db enabled]
Using host libthread_db library "/lib/x86_64-linux-gnu/libthread_db.so.1".
0x00007f05ba97846e in epoll_wait (epfd=8, events=0x7fff5da16a20, maxevents=128, timeout=-1) at ../sysdeps/unix/sysv/linux/epoll_wait.c:30
30      ../sysdeps/unix/sysv/linux/epoll_wait.c: No such file or directory.

Thread 14 (Thread 0x7f05977fe700 (LWP 211)):
#0  syscall () at ../sysdeps/unix/sysv/linux/x86_64/syscall.S:38
#1  0x0000563d38c986fe in absl::lts_20210324::synchronization_internal::Waiter::Wait(absl::lts_20210324::synchronization_internal::KernelTimeout) ()
#2  0x0000563d38c98633 in AbslInternalPerThreadSemWait_lts_20210324 ()
#3  0x0000563d38c981cf in absl::lts_20210324::CondVar::WaitCommon(absl::lts_20210324::Mutex*, absl::lts_20210324::synchronization_internal::KernelTimeout) ()
#4  0x0000563d38ac840e in gpr_cv_wait ()
#5  0x0000563d38aa29b3 in timer_thread(void*) ()
#6  0x0000563d38ac64d6 in grpc_core::(anonymous namespace)::ThreadInternalsPosix::ThreadInternalsPosix(char const*, void (*)(void*), void*, bool*, grpc_core::Thread::Options const&)::{lambda(void*)#1}::_FUN(void*) ()
#7  0x00007f05bada9609 in start_thread (arg=<optimized out>) at pthread_create.c:477
#8  0x00007f05ba978133 in clone () at ../sysdeps/unix/sysv/linux/x86_64/clone.S:95

Thread 13 (Thread 0x7f0597fff700 (LWP 189)):
#0  0x00007f05ba97846e in epoll_wait (epfd=32, events=0x7f058c000de8, maxevents=100, timeout=-1) at ../sysdeps/unix/sysv/linux/epoll_wait.c:30
#1  0x0000563d38ab6964 in pollset_work(grpc_pollset*, grpc_pollset_worker**, long) ()
#2  0x0000563d38a7e27f in cq_next(grpc_completion_queue*, gpr_timespec, void*) ()
#3  0x0000563d388d63d1 in grpc::CompletionQueue::AsyncNextInternal(void**, bool*, gpr_timespec) ()
#4  0x0000563d3880b574 in ray::rpc::GrpcServer::PollEventsFromCompletionQueue(int) ()
#5  0x0000563d38cc3c00 in execute_native_thread_routine ()
#6  0x00007f05bada9609 in start_thread (arg=<optimized out>) at pthread_create.c:477
#7  0x00007f05ba978133 in clone () at ../sysdeps/unix/sysv/linux/x86_64/clone.S:95

Thread 12 (Thread 0x7f05b0ff9700 (LWP 188)):
#0  0x00007f05ba97846e in epoll_wait (epfd=23, events=0x7f05b0ff85c0, maxevents=128, timeout=-1) at ../sysdeps/unix/sysv/linux/epoll_wait.c:30
#1  0x0000563d38c6ea79 in boost::asio::detail::epoll_reactor::run(long, boost::asio::detail::op_queue<boost::asio::detail::scheduler_operation>&) ()
#2  0x0000563d38c6ecff in boost::asio::detail::scheduler::do_run_one(boost::asio::detail::conditionally_enabled_mutex::scoped_lock&, boost::asio::detail::scheduler_thread_info&, boost::system::error_code const&) ()
#3  0x0000563d38c707f1 in boost::asio::detail::scheduler::run(boost::system::error_code&) ()
#4  0x0000563d38c70c30 in boost::asio::io_context::run() ()
#5  0x0000563d386aba7c in std::thread::_State_impl<std::thread::_Invoker<std::tuple<ray::gcs::GrpcBasedResourceBroadcaster::Start()::{lambda()#1}> > >::_M_run() ()
#6  0x0000563d38cc3c00 in execute_native_thread_routine ()
#7  0x00007f05bada9609 in start_thread (arg=<optimized out>) at pthread_create.c:477
#8  0x00007f05ba978133 in clone () at ../sysdeps/unix/sysv/linux/x86_64/clone.S:95

Thread 11 (Thread 0x7f05b17fa700 (LWP 187)):
#0  0x00007f05ba97846e in epoll_wait (epfd=20, events=0x7f05b17f95c0, maxevents=128, timeout=-1) at ../sysdeps/unix/sysv/linux/epoll_wait.c:30
#1  0x0000563d38c6ea79 in boost::asio::detail::epoll_reactor::run(long, boost::asio::detail::op_queue<boost::asio::detail::scheduler_operation>&) ()
#2  0x0000563d38c6ecff in boost::asio::detail::scheduler::do_run_one(boost::asio::detail::conditionally_enabled_mutex::scoped_lock&, boost::asio::detail::scheduler_thread_info&, boost::system::error_code const&) ()
#3  0x0000563d38c707f1 in boost::asio::detail::scheduler::run(boost::system::error_code&) ()
#4  0x0000563d38c70c30 in boost::asio::io_context::run() ()
#5  0x0000563d386c6402 in std::thread::_State_impl<std::thread::_Invoker<std::tuple<ray::gcs::GcsResourceReportPoller::Start()::{lambda()#1}> > >::_M_run() ()
#6  0x0000563d38cc3c00 in execute_native_thread_routine ()
#7  0x00007f05bada9609 in start_thread (arg=<optimized out>) at pthread_create.c:477
#8  0x00007f05ba978133 in clone () at ../sysdeps/unix/sysv/linux/x86_64/clone.S:95

Thread 10 (Thread 0x7f05b1ffb700 (LWP 186)):
#0  0x00007f05ba97846e in epoll_wait (epfd=29, events=0x7f05b1ffa5e0, maxevents=128, timeout=-1) at ../sysdeps/unix/sysv/linux/epoll_wait.c:30
#1  0x0000563d38c6ea79 in boost::asio::detail::epoll_reactor::run(long, boost::asio::detail::op_queue<boost::asio::detail::scheduler_operation>&) ()
#2  0x0000563d38c6ecff in boost::asio::detail::scheduler::do_run_one(boost::asio::detail::conditionally_enabled_mutex::scoped_lock&, boost::asio::detail::scheduler_thread_info&, boost::system::error_code const&) ()
#3  0x0000563d38c707f1 in boost::asio::detail::scheduler::run(boost::system::error_code&) ()
#4  0x0000563d38c70c30 in boost::asio::io_context::run() ()
#5  0x0000563d387117ec in std::thread::_State_impl<std::thread::_Invoker<std::tuple<ray::gcs::GcsHeartbeatManager::GcsHeartbeatManager(instrumented_io_context&, std::function<void (ray::NodeID const&)>)::{lambda()#1}> > >::_M_run() ()
#6  0x0000563d38cc3c00 in execute_native_thread_routine ()
#7  0x00007f05bada9609 in start_thread (arg=<optimized out>) at pthread_create.c:477
#8  0x00007f05ba978133 in clone () at ../sysdeps/unix/sysv/linux/x86_64/clone.S:95

Thread 9 (Thread 0x7f05b27fc700 (LWP 185)):
#0  0x00007f05ba97846e in epoll_wait (epfd=41, events=0x7f059c0074d8, maxevents=100, timeout=251) at ../sysdeps/unix/sysv/linux/epoll_wait.c:30
#1  0x0000563d38ab6964 in pollset_work(grpc_pollset*, grpc_pollset_worker**, long) ()
#2  0x0000563d38a7e27f in cq_next(grpc_completion_queue*, gpr_timespec, void*) ()
#3  0x0000563d388d63d1 in grpc::CompletionQueue::AsyncNextInternal(void**, bool*, gpr_timespec) ()
#4  0x0000563d3867335c in ray::rpc::ClientCallManager::PollEventsFromCompletionQueue(int) ()
#5  0x0000563d38cc3c00 in execute_native_thread_routine ()
#6  0x00007f05bada9609 in start_thread (arg=<optimized out>) at pthread_create.c:477
#7  0x00007f05ba978133 in clone () at ../sysdeps/unix/sysv/linux/x86_64/clone.S:95

Thread 8 (Thread 0x7f05b2ffd700 (LWP 184)):
#0  0x00007f05ba93623f in __GI___clock_nanosleep (clock_id=clock_id@entry=0, flags=flags@entry=0, req=0x7f05b2ffcd20, rem=0x7f05b2ffcd20) at ../sysdeps/unix/sysv/linux/clock_nanosleep.c:78
#1  0x00007f05ba93bec7 in __GI___nanosleep (requested_time=<optimized out>, remaining=<optimized out>) at nanosleep.c:27
#2  0x0000563d38ca0d95 in AbslInternalSleepFor_lts_20210324 ()
#3  0x0000563d38c897ef in opencensus::stats::DeltaProducer::RunHarvesterLoop() ()
#4  0x0000563d38cc3c00 in execute_native_thread_routine ()
#5  0x00007f05bada9609 in start_thread (arg=<optimized out>) at pthread_create.c:477
#6  0x00007f05ba978133 in clone () at ../sysdeps/unix/sysv/linux/x86_64/clone.S:95

Thread 7 (Thread 0x7f05b37fe700 (LWP 183)):
#0  0x00007f05ba97846e in epoll_wait (epfd=45, events=0x7f057c021d08, maxevents=100, timeout=251) at ../sysdeps/unix/sysv/linux/epoll_wait.c:30
#1  0x0000563d38ab6964 in pollset_work(grpc_pollset*, grpc_pollset_worker**, long) ()
#2  0x0000563d38a7e27f in cq_next(grpc_completion_queue*, gpr_timespec, void*) ()
#3  0x0000563d388d63d1 in grpc::CompletionQueue::AsyncNextInternal(void**, bool*, gpr_timespec) ()
#4  0x0000563d3867335c in ray::rpc::ClientCallManager::PollEventsFromCompletionQueue(int) ()
#5  0x0000563d38cc3c00 in execute_native_thread_routine ()
#6  0x00007f05bada9609 in start_thread (arg=<optimized out>) at pthread_create.c:477
#7  0x00007f05ba978133 in clone () at ../sysdeps/unix/sysv/linux/x86_64/clone.S:95

Thread 6 (Thread 0x7f05b3fff700 (LWP 182)):
#0  syscall () at ../sysdeps/unix/sysv/linux/x86_64/syscall.S:38
#1  0x0000563d38c9875f in absl::lts_20210324::synchronization_internal::Waiter::Wait(absl::lts_20210324::synchronization_internal::KernelTimeout) ()
#2  0x0000563d38c98633 in AbslInternalPerThreadSemWait_lts_20210324 ()
#3  0x0000563d38c981cf in absl::lts_20210324::CondVar::WaitCommon(absl::lts_20210324::Mutex*, absl::lts_20210324::synchronization_internal::KernelTimeout) ()
#4  0x0000563d38ac83e9 in gpr_cv_wait ()
#5  0x0000563d38aa29b3 in timer_thread(void*) ()
#6  0x0000563d38ac64d6 in grpc_core::(anonymous namespace)::ThreadInternalsPosix::ThreadInternalsPosix(char const*, void (*)(void*), void*, bool*, grpc_core::Thread::Options const&)::{lambda(void*)#1}::_FUN(void*) ()
#7  0x00007f05bada9609 in start_thread (arg=<optimized out>) at pthread_create.c:477
#8  0x00007f05ba978133 in clone () at ../sysdeps/unix/sysv/linux/x86_64/clone.S:95

Thread 5 (Thread 0x7f05b8fe8700 (LWP 181)):
#0  syscall () at ../sysdeps/unix/sysv/linux/x86_64/syscall.S:38
#1  0x0000563d38c986fe in absl::lts_20210324::synchronization_internal::Waiter::Wait(absl::lts_20210324::synchronization_internal::KernelTimeout) ()
#2  0x0000563d38c98633 in AbslInternalPerThreadSemWait_lts_20210324 ()
#3  0x0000563d38c981cf in absl::lts_20210324::CondVar::WaitCommon(absl::lts_20210324::Mutex*, absl::lts_20210324::synchronization_internal::KernelTimeout) ()
#4  0x0000563d38ac840e in gpr_cv_wait ()
#5  0x0000563d38ab05d6 in grpc_core::Executor::ThreadMain(void*) ()
#6  0x0000563d38ac64d6 in grpc_core::(anonymous namespace)::ThreadInternalsPosix::ThreadInternalsPosix(char const*, void (*)(void*), void*, bool*, grpc_core::Thread::Options const&)::{lambda(void*)#1}::_FUN(void*) ()
#7  0x00007f05bada9609 in start_thread (arg=<optimized out>) at pthread_create.c:477
#8  0x00007f05ba978133 in clone () at ../sysdeps/unix/sysv/linux/x86_64/clone.S:95

Thread 4 (Thread 0x7f05b97e9700 (LWP 180)):
#0  syscall () at ../sysdeps/unix/sysv/linux/x86_64/syscall.S:38
#1  0x0000563d38c986fe in absl::lts_20210324::synchronization_internal::Waiter::Wait(absl::lts_20210324::synchronization_internal::KernelTimeout) ()
#2  0x0000563d38c98633 in AbslInternalPerThreadSemWait_lts_20210324 ()
#3  0x0000563d38c981cf in absl::lts_20210324::CondVar::WaitCommon(absl::lts_20210324::Mutex*, absl::lts_20210324::synchronization_internal::KernelTimeout) ()
#4  0x0000563d38ac840e in gpr_cv_wait ()
#5  0x0000563d38ab05d6 in grpc_core::Executor::ThreadMain(void*) ()
#6  0x0000563d38ac64d6 in grpc_core::(anonymous namespace)::ThreadInternalsPosix::ThreadInternalsPosix(char const*, void (*)(void*), void*, bool*, grpc_core::Thread::Options const&)::{lambda(void*)#1}::_FUN(void*) ()
#7  0x00007f05bada9609 in start_thread (arg=<optimized out>) at pthread_create.c:477
#8  0x00007f05ba978133 in clone () at ../sysdeps/unix/sysv/linux/x86_64/clone.S:95

Thread 3 (Thread 0x7f05ba843700 (LWP 179)):
#0  0x00007f05ba93623f in __GI___clock_nanosleep (clock_id=clock_id@entry=0, flags=flags@entry=0, req=0x7f05ba842d50, rem=0x7f05ba842d50) at ../sysdeps/unix/sysv/linux/clock_nanosleep.c:78
#1  0x00007f05ba93bec7 in __GI___nanosleep (requested_time=<optimized out>, remaining=<optimized out>) at nanosleep.c:27
#2  0x0000563d38ca0d95 in AbslInternalSleepFor_lts_20210324 ()
#3  0x0000563d38c8e17c in opencensus::stats::StatsExporterImpl::RunWorkerLoop() ()
#4  0x0000563d38cc3c00 in execute_native_thread_routine ()
#5  0x00007f05bada9609 in start_thread (arg=<optimized out>) at pthread_create.c:477
#6  0x00007f05ba978133 in clone () at ../sysdeps/unix/sysv/linux/x86_64/clone.S:95

Thread 2 (Thread 0x7f05ba042700 (LWP 178)):
#0  futex_wait_cancelable (private=<optimized out>, expected=0, futex_word=0x563d39075058) at ../sysdeps/nptl/futex-internal.h:183
#1  __pthread_cond_wait_common (abstime=0x0, clockid=0, mutex=0x563d39074ff8, cond=0x563d39075030) at pthread_cond_wait.c:508
#2  __pthread_cond_wait (cond=0x563d39075030, mutex=0x563d39074ff8) at pthread_cond_wait.c:647
#3  0x0000563d38c6ee03 in boost::asio::detail::scheduler::do_run_one(boost::asio::detail::conditionally_enabled_mutex::scoped_lock&, boost::asio::detail::scheduler_thread_info&, boost::system::error_code const&) ()
#4  0x0000563d38c707f1 in boost::asio::detail::scheduler::run(boost::system::error_code&) ()
#5  0x0000563d38c70c30 in boost::asio::io_context::run() ()
#6  0x0000563d38812d6b in std::thread::_State_impl<std::thread::_Invoker<std::tuple<ray::IOServicePool::Run()::{lambda()#1}> > >::_M_run() ()
#7  0x0000563d38cc3c00 in execute_native_thread_routine ()
#8  0x00007f05bada9609 in start_thread (arg=<optimized out>) at pthread_create.c:477
#9  0x00007f05ba978133 in clone () at ../sysdeps/unix/sysv/linux/x86_64/clone.S:95

Thread 1 (Thread 0x7f05ba854840 (LWP 176)):
#0  0x00007f05ba97846e in epoll_wait (epfd=8, events=0x7fff5da16a20, maxevents=128, timeout=-1) at ../sysdeps/unix/sysv/linux/epoll_wait.c:30
#1  0x0000563d38c6ea79 in boost::asio::detail::epoll_reactor::run(long, boost::asio::detail::op_queue<boost::asio::detail::scheduler_operation>&) ()
#2  0x0000563d38c6ecff in boost::asio::detail::scheduler::do_run_one(boost::asio::detail::conditionally_enabled_mutex::scoped_lock&, boost::asio::detail::scheduler_thread_info&, boost::system::error_code const&) ()
#3  0x0000563d38c707f1 in boost::asio::detail::scheduler::run(boost::system::error_code&) ()
#4  0x0000563d38c70c30 in boost::asio::io_context::run() ()
#5  0x0000563d385b9e4b in main ()
[Inferior 1 (process 176) detached]
